16:11:36 **** Build of configuration Debug for project 008Queues_n_timers ****
make -j12 all 
arm-none-eabi-gcc "C:/STM32/RTOS/RTOS_workspace/common/ThirdParty/SEGGER/SEGGER/Syscalls/SEGGER_RTT_Syscalls_GCC.c" -mcpu=cortex-m4 -std=gnu11 -g3 -DDEBUG -DUSE_HAL_DRIVER -DSTM32F407xx -c -I../Core/Inc -I../Drivers/STM32F4xx_HAL_Driver/Inc -I../Drivers/STM32F4xx_HAL_Driver/Inc/Legacy -I../Drivers/CMSIS/Device/ST/STM32F4xx/Include -I../Drivers/CMSIS/Include -I"C:/STM32/RTOS/RTOS_workspace/common/ThirdParty/FreeRTOS/include" -I"C:/STM32/RTOS/RTOS_workspace/common/ThirdParty/FreeRTOS/portable/GCC/ARM_CM4F" -I"C:/STM32/RTOS/RTOS_workspace/common/ThirdParty/SEGGER/Config" -I"C:/STM32/RTOS/RTOS_workspace/common/ThirdParty/SEGGER/OS" -I"C:/STM32/RTOS/RTOS_workspace/common/ThirdParty/SEGGER/SEGGER" -I"D:/Workspace/RTOS_workspace/common/ThirdParty/FreeRTOS/include" -I"D:/Workspace/RTOS_workspace/common/ThirdParty/FreeRTOS/portable/GCC/ARM_CM4F" -I"D:/Workspace/RTOS_workspace/common/ThirdParty/SEGGER/Config" -I"D:/Workspace/RTOS_workspace/common/ThirdParty/SEGGER/OS" -I"D:/Workspace/RTOS_workspace/common/ThirdParty/SEGGER/SEGGER" -O0 -ffunction-sections -fdata-sections -Wall -fstack-usage -MMD -MP -MF"common/ThirdParty/SEGGER/SEGGER/Syscalls/SEGGER_RTT_Syscalls_GCC.d" -MT"common/ThirdParty/SEGGER/SEGGER/Syscalls/SEGGER_RTT_Syscalls_GCC.o" --specs=nano.specs -mfpu=fpv4-sp-d16 -mfloat-abi=hard -mthumb -o "common/ThirdParty/SEGGER/SEGGER/Syscalls/SEGGER_RTT_Syscalls_GCC.o"
arm-none-eabi-gcc "C:/STM32/RTOS/RTOS_workspace/common/ThirdParty/SEGGER/SEGGER/SEGGER_RTT.c" -mcpu=cortex-m4 -std=gnu11 -g3 -DDEBUG -DUSE_HAL_DRIVER -DSTM32F407xx -c -I../Core/Inc -I../Drivers/STM32F4xx_HAL_Driver/Inc -I../Drivers/STM32F4xx_HAL_Driver/Inc/Legacy -I../Drivers/CMSIS/Device/ST/STM32F4xx/Include -I../Drivers/CMSIS/Include -I"C:/STM32/RTOS/RTOS_workspace/common/ThirdParty/FreeRTOS/include" -I"C:/STM32/RTOS/RTOS_workspace/common/ThirdParty/FreeRTOS/portable/GCC/ARM_CM4F" -I"C:/STM32/RTOS/RTOS_workspace/common/ThirdParty/SEGGER/Config" -I"C:/STM32/RTOS/RTOS_workspace/common/ThirdParty/SEGGER/OS" -I"C:/STM32/RTOS/RTOS_workspace/common/ThirdParty/SEGGER/SEGGER" -I"D:/Workspace/RTOS_workspace/common/ThirdParty/FreeRTOS/include" -I"D:/Workspace/RTOS_workspace/common/ThirdParty/FreeRTOS/portable/GCC/ARM_CM4F" -I"D:/Workspace/RTOS_workspace/common/ThirdParty/SEGGER/Config" -I"D:/Workspace/RTOS_workspace/common/ThirdParty/SEGGER/OS" -I"D:/Workspace/RTOS_workspace/common/ThirdParty/SEGGER/SEGGER" -O0 -ffunction-sections -fdata-sections -Wall -fstack-usage -MMD -MP -MF"common/ThirdParty/SEGGER/SEGGER/SEGGER_RTT.d" -MT"common/ThirdParty/SEGGER/SEGGER/SEGGER_RTT.o" --specs=nano.specs -mfpu=fpv4-sp-d16 -mfloat-abi=hard -mthumb -o "common/ThirdParty/SEGGER/SEGGER/SEGGER_RTT.o"
arm-none-eabi-gcc -mcpu=cortex-m4 -g3 -c -I"C:/STM32/RTOS/RTOS_workspace/common/ThirdParty/SEGGER/Config" -I"C:/STM32/RTOS/RTOS_workspace/common/ThirdParty/SEGGER/SEGGER" -I"D:/Workspace/RTOS_workspace/common/ThirdParty/SEGGER/Config" -I"D:/Workspace/RTOS_workspace/common/ThirdParty/SEGGER/SEGGER" -x assembler-with-cpp -MMD -MP -MF"common/ThirdParty/SEGGER/SEGGER/SEGGER_RTT_ASM_ARMv7M.d" -MT"common/ThirdParty/SEGGER/SEGGER/SEGGER_RTT_ASM_ARMv7M.o" --specs=nano.specs -mfpu=fpv4-sp-d16 -mfloat-abi=hard -mthumb -o "common/ThirdParty/SEGGER/SEGGER/SEGGER_RTT_ASM_ARMv7M.o" "C:/STM32/RTOS/RTOS_workspace/common/ThirdParty/SEGGER/SEGGER/SEGGER_RTT_ASM_ARMv7M.S"
arm-none-eabi-gcc "C:/STM32/RTOS/RTOS_workspace/common/ThirdParty/SEGGER/SEGGER/SEGGER_RTT_printf.c" -mcpu=cortex-m4 -std=gnu11 -g3 -DDEBUG -DUSE_HAL_DRIVER -DSTM32F407xx -c -I../Core/Inc -I../Drivers/STM32F4xx_HAL_Driver/Inc -I../Drivers/STM32F4xx_HAL_Driver/Inc/Legacy -I../Drivers/CMSIS/Device/ST/STM32F4xx/Include -I../Drivers/CMSIS/Include -I"C:/STM32/RTOS/RTOS_workspace/common/ThirdParty/FreeRTOS/include" -I"C:/STM32/RTOS/RTOS_workspace/common/ThirdParty/FreeRTOS/portable/GCC/ARM_CM4F" -I"C:/STM32/RTOS/RTOS_workspace/common/ThirdParty/SEGGER/Config" -I"C:/STM32/RTOS/RTOS_workspace/common/ThirdParty/SEGGER/OS" -I"C:/STM32/RTOS/RTOS_workspace/common/ThirdParty/SEGGER/SEGGER" -I"D:/Workspace/RTOS_workspace/common/ThirdParty/FreeRTOS/include" -I"D:/Workspace/RTOS_workspace/common/ThirdParty/FreeRTOS/portable/GCC/ARM_CM4F" -I"D:/Workspace/RTOS_workspace/common/ThirdParty/SEGGER/Config" -I"D:/Workspace/RTOS_workspace/common/ThirdParty/SEGGER/OS" -I"D:/Workspace/RTOS_workspace/common/ThirdParty/SEGGER/SEGGER" -O0 -ffunction-sections -fdata-sections -Wall -fstack-usage -MMD -MP -MF"common/ThirdParty/SEGGER/SEGGER/SEGGER_RTT_printf.d" -MT"common/ThirdParty/SEGGER/SEGGER/SEGGER_RTT_printf.o" --specs=nano.specs -mfpu=fpv4-sp-d16 -mfloat-abi=hard -mthumb -o "common/ThirdParty/SEGGER/SEGGER/SEGGER_RTT_printf.o"
arm-none-eabi-gcc "C:/STM32/RTOS/RTOS_workspace/common/ThirdParty/SEGGER/SEGGER/SEGGER_SYSVIEW.c" -mcpu=cortex-m4 -std=gnu11 -g3 -DDEBUG -DUSE_HAL_DRIVER -DSTM32F407xx -c -I../Core/Inc -I../Drivers/STM32F4xx_HAL_Driver/Inc -I../Drivers/STM32F4xx_HAL_Driver/Inc/Legacy -I../Drivers/CMSIS/Device/ST/STM32F4xx/Include -I../Drivers/CMSIS/Include -I"C:/STM32/RTOS/RTOS_workspace/common/ThirdParty/FreeRTOS/include" -I"C:/STM32/RTOS/RTOS_workspace/common/ThirdParty/FreeRTOS/portable/GCC/ARM_CM4F" -I"C:/STM32/RTOS/RTOS_workspace/common/ThirdParty/SEGGER/Config" -I"C:/STM32/RTOS/RTOS_workspace/common/ThirdParty/SEGGER/OS" -I"C:/STM32/RTOS/RTOS_workspace/common/ThirdParty/SEGGER/SEGGER" -I"D:/Workspace/RTOS_workspace/common/ThirdParty/FreeRTOS/include" -I"D:/Workspace/RTOS_workspace/common/ThirdParty/FreeRTOS/portable/GCC/ARM_CM4F" -I"D:/Workspace/RTOS_workspace/common/ThirdParty/SEGGER/Config" -I"D:/Workspace/RTOS_workspace/common/ThirdParty/SEGGER/OS" -I"D:/Workspace/RTOS_workspace/common/ThirdParty/SEGGER/SEGGER" -O0 -ffunction-sections -fdata-sections -Wall -fstack-usage -MMD -MP -MF"common/ThirdParty/SEGGER/SEGGER/SEGGER_SYSVIEW.d" -MT"common/ThirdParty/SEGGER/SEGGER/SEGGER_SYSVIEW.o" --specs=nano.specs -mfpu=fpv4-sp-d16 -mfloat-abi=hard -mthumb -o "common/ThirdParty/SEGGER/SEGGER/SEGGER_SYSVIEW.o"
arm-none-eabi-gcc "C:/STM32/RTOS/RTOS_workspace/common/ThirdParty/SEGGER/OS/SEGGER_SYSVIEW_FreeRTOS.c" -mcpu=cortex-m4 -std=gnu11 -g3 -DDEBUG -DUSE_HAL_DRIVER -DSTM32F407xx -c -I../Core/Inc -I../Drivers/STM32F4xx_HAL_Driver/Inc -I../Drivers/STM32F4xx_HAL_Driver/Inc/Legacy -I../Drivers/CMSIS/Device/ST/STM32F4xx/Include -I../Drivers/CMSIS/Include -I"C:/STM32/RTOS/RTOS_workspace/common/ThirdParty/FreeRTOS/include" -I"C:/STM32/RTOS/RTOS_workspace/common/ThirdParty/FreeRTOS/portable/GCC/ARM_CM4F" -I"C:/STM32/RTOS/RTOS_workspace/common/ThirdParty/SEGGER/Config" -I"C:/STM32/RTOS/RTOS_workspace/common/ThirdParty/SEGGER/OS" -I"C:/STM32/RTOS/RTOS_workspace/common/ThirdParty/SEGGER/SEGGER" -I"D:/Workspace/RTOS_workspace/common/ThirdParty/FreeRTOS/include" -I"D:/Workspace/RTOS_workspace/common/ThirdParty/FreeRTOS/portable/GCC/ARM_CM4F" -I"D:/Workspace/RTOS_workspace/common/ThirdParty/SEGGER/Config" -I"D:/Workspace/RTOS_workspace/common/ThirdParty/SEGGER/OS" -I"D:/Workspace/RTOS_workspace/common/ThirdParty/SEGGER/SEGGER" -O0 -ffunction-sections -fdata-sections -Wall -fstack-usage -MMD -MP -MF"common/ThirdParty/SEGGER/OS/SEGGER_SYSVIEW_FreeRTOS.d" -MT"common/ThirdParty/SEGGER/OS/SEGGER_SYSVIEW_FreeRTOS.o" --specs=nano.specs -mfpu=fpv4-sp-d16 -mfloat-abi=hard -mthumb -o "common/ThirdParty/SEGGER/OS/SEGGER_SYSVIEW_FreeRTOS.o"
arm-none-eabi-gcc "C:/STM32/RTOS/RTOS_workspace/common/ThirdParty/SEGGER/Config/SEGGER_SYSVIEW_Config_FreeRTOS.c" -mcpu=cortex-m4 -std=gnu11 -g3 -DDEBUG -DUSE_HAL_DRIVER -DSTM32F407xx -c -I../Core/Inc -I../Drivers/STM32F4xx_HAL_Driver/Inc -I../Drivers/STM32F4xx_HAL_Driver/Inc/Legacy -I../Drivers/CMSIS/Device/ST/STM32F4xx/Include -I../Drivers/CMSIS/Include -I"C:/STM32/RTOS/RTOS_workspace/common/ThirdParty/FreeRTOS/include" -I"C:/STM32/RTOS/RTOS_workspace/common/ThirdParty/FreeRTOS/portable/GCC/ARM_CM4F" -I"C:/STM32/RTOS/RTOS_workspace/common/ThirdParty/SEGGER/Config" -I"C:/STM32/RTOS/RTOS_workspace/common/ThirdParty/SEGGER/OS" -I"C:/STM32/RTOS/RTOS_workspace/common/ThirdParty/SEGGER/SEGGER" -I"D:/Workspace/RTOS_workspace/common/ThirdParty/FreeRTOS/include" -I"D:/Workspace/RTOS_workspace/common/ThirdParty/FreeRTOS/portable/GCC/ARM_CM4F" -I"D:/Workspace/RTOS_workspace/common/ThirdParty/SEGGER/Config" -I"D:/Workspace/RTOS_workspace/common/ThirdParty/SEGGER/OS" -I"D:/Workspace/RTOS_workspace/common/ThirdParty/SEGGER/SEGGER" -O0 -ffunction-sections -fdata-sections -Wall -fstack-usage -MMD -MP -MF"common/ThirdParty/SEGGER/Config/SEGGER_SYSVIEW_Config_FreeRTOS.d" -MT"common/ThirdParty/SEGGER/Config/SEGGER_SYSVIEW_Config_FreeRTOS.o" --specs=nano.specs -mfpu=fpv4-sp-d16 -mfloat-abi=hard -mthumb -o "common/ThirdParty/SEGGER/Config/SEGGER_SYSVIEW_Config_FreeRTOS.o"
arm-none-eabi-gcc "C:/STM32/RTOS/RTOS_workspace/common/ThirdParty/FreeRTOS/portable/MemMang/heap_4.c" -mcpu=cortex-m4 -std=gnu11 -g3 -DDEBUG -DUSE_HAL_DRIVER -DSTM32F407xx -c -I../Core/Inc -I../Drivers/STM32F4xx_HAL_Driver/Inc -I../Drivers/STM32F4xx_HAL_Driver/Inc/Legacy -I../Drivers/CMSIS/Device/ST/STM32F4xx/Include -I../Drivers/CMSIS/Include -I"C:/STM32/RTOS/RTOS_workspace/common/ThirdParty/FreeRTOS/include" -I"C:/STM32/RTOS/RTOS_workspace/common/ThirdParty/FreeRTOS/portable/GCC/ARM_CM4F" -I"C:/STM32/RTOS/RTOS_workspace/common/ThirdParty/SEGGER/Config" -I"C:/STM32/RTOS/RTOS_workspace/common/ThirdParty/SEGGER/OS" -I"C:/STM32/RTOS/RTOS_workspace/common/ThirdParty/SEGGER/SEGGER" -I"D:/Workspace/RTOS_workspace/common/ThirdParty/FreeRTOS/include" -I"D:/Workspace/RTOS_workspace/common/ThirdParty/FreeRTOS/portable/GCC/ARM_CM4F" -I"D:/Workspace/RTOS_workspace/common/ThirdParty/SEGGER/Config" -I"D:/Workspace/RTOS_workspace/common/ThirdParty/SEGGER/OS" -I"D:/Workspace/RTOS_workspace/common/ThirdParty/SEGGER/SEGGER" -O0 -ffunction-sections -fdata-sections -Wall -fstack-usage -MMD -MP -MF"common/ThirdParty/FreeRTOS/portable/MemMang/heap_4.d" -MT"common/ThirdParty/FreeRTOS/portable/MemMang/heap_4.o" --specs=nano.specs -mfpu=fpv4-sp-d16 -mfloat-abi=hard -mthumb -o "common/ThirdParty/FreeRTOS/portable/MemMang/heap_4.o"
arm-none-eabi-gcc "C:/STM32/RTOS/RTOS_workspace/common/ThirdParty/FreeRTOS/portable/GCC/ARM_CM4F/port.c" -mcpu=cortex-m4 -std=gnu11 -g3 -DDEBUG -DUSE_HAL_DRIVER -DSTM32F407xx -c -I../Core/Inc -I../Drivers/STM32F4xx_HAL_Driver/Inc -I../Drivers/STM32F4xx_HAL_Driver/Inc/Legacy -I../Drivers/CMSIS/Device/ST/STM32F4xx/Include -I../Drivers/CMSIS/Include -I"C:/STM32/RTOS/RTOS_workspace/common/ThirdParty/FreeRTOS/include" -I"C:/STM32/RTOS/RTOS_workspace/common/ThirdParty/FreeRTOS/portable/GCC/ARM_CM4F" -I"C:/STM32/RTOS/RTOS_workspace/common/ThirdParty/SEGGER/Config" -I"C:/STM32/RTOS/RTOS_workspace/common/ThirdParty/SEGGER/OS" -I"C:/STM32/RTOS/RTOS_workspace/common/ThirdParty/SEGGER/SEGGER" -I"D:/Workspace/RTOS_workspace/common/ThirdParty/FreeRTOS/include" -I"D:/Workspace/RTOS_workspace/common/ThirdParty/FreeRTOS/portable/GCC/ARM_CM4F" -I"D:/Workspace/RTOS_workspace/common/ThirdParty/SEGGER/Config" -I"D:/Workspace/RTOS_workspace/common/ThirdParty/SEGGER/OS" -I"D:/Workspace/RTOS_workspace/common/ThirdParty/SEGGER/SEGGER" -O0 -ffunction-sections -fdata-sections -Wall -fstack-usage -MMD -MP -MF"common/ThirdParty/FreeRTOS/portable/GCC/ARM_CM4F/port.d" -MT"common/ThirdParty/FreeRTOS/portable/GCC/ARM_CM4F/port.o" --specs=nano.specs -mfpu=fpv4-sp-d16 -mfloat-abi=hard -mthumb -o "common/ThirdParty/FreeRTOS/portable/GCC/ARM_CM4F/port.o"
arm-none-eabi-gcc "C:/STM32/RTOS/RTOS_workspace/common/ThirdParty/FreeRTOS/croutine.c" -mcpu=cortex-m4 -std=gnu11 -g3 -DDEBUG -DUSE_HAL_DRIVER -DSTM32F407xx -c -I../Core/Inc -I../Drivers/STM32F4xx_HAL_Driver/Inc -I../Drivers/STM32F4xx_HAL_Driver/Inc/Legacy -I../Drivers/CMSIS/Device/ST/STM32F4xx/Include -I../Drivers/CMSIS/Include -I"C:/STM32/RTOS/RTOS_workspace/common/ThirdParty/FreeRTOS/include" -I"C:/STM32/RTOS/RTOS_workspace/common/ThirdParty/FreeRTOS/portable/GCC/ARM_CM4F" -I"C:/STM32/RTOS/RTOS_workspace/common/ThirdParty/SEGGER/Config" -I"C:/STM32/RTOS/RTOS_workspace/common/ThirdParty/SEGGER/OS" -I"C:/STM32/RTOS/RTOS_workspace/common/ThirdParty/SEGGER/SEGGER" -I"D:/Workspace/RTOS_workspace/common/ThirdParty/FreeRTOS/include" -I"D:/Workspace/RTOS_workspace/common/ThirdParty/FreeRTOS/portable/GCC/ARM_CM4F" -I"D:/Workspace/RTOS_workspace/common/ThirdParty/SEGGER/Config" -I"D:/Workspace/RTOS_workspace/common/ThirdParty/SEGGER/OS" -I"D:/Workspace/RTOS_workspace/common/ThirdParty/SEGGER/SEGGER" -O0 -ffunction-sections -fdata-sections -Wall -fstack-usage -MMD -MP -MF"common/ThirdParty/FreeRTOS/croutine.d" -MT"common/ThirdParty/FreeRTOS/croutine.o" --specs=nano.specs -mfpu=fpv4-sp-d16 -mfloat-abi=hard -mthumb -o "common/ThirdParty/FreeRTOS/croutine.o"
arm-none-eabi-gcc "C:/STM32/RTOS/RTOS_workspace/common/ThirdParty/FreeRTOS/event_groups.c" -mcpu=cortex-m4 -std=gnu11 -g3 -DDEBUG -DUSE_HAL_DRIVER -DSTM32F407xx -c -I../Core/Inc -I../Drivers/STM32F4xx_HAL_Driver/Inc -I../Drivers/STM32F4xx_HAL_Driver/Inc/Legacy -I../Drivers/CMSIS/Device/ST/STM32F4xx/Include -I../Drivers/CMSIS/Include -I"C:/STM32/RTOS/RTOS_workspace/common/ThirdParty/FreeRTOS/include" -I"C:/STM32/RTOS/RTOS_workspace/common/ThirdParty/FreeRTOS/portable/GCC/ARM_CM4F" -I"C:/STM32/RTOS/RTOS_workspace/common/ThirdParty/SEGGER/Config" -I"C:/STM32/RTOS/RTOS_workspace/common/ThirdParty/SEGGER/OS" -I"C:/STM32/RTOS/RTOS_workspace/common/ThirdParty/SEGGER/SEGGER" -I"D:/Workspace/RTOS_workspace/common/ThirdParty/FreeRTOS/include" -I"D:/Workspace/RTOS_workspace/common/ThirdParty/FreeRTOS/portable/GCC/ARM_CM4F" -I"D:/Workspace/RTOS_workspace/common/ThirdParty/SEGGER/Config" -I"D:/Workspace/RTOS_workspace/common/ThirdParty/SEGGER/OS" -I"D:/Workspace/RTOS_workspace/common/ThirdParty/SEGGER/SEGGER" -O0 -ffunction-sections -fdata-sections -Wall -fstack-usage -MMD -MP -MF"common/ThirdParty/FreeRTOS/event_groups.d" -MT"common/ThirdParty/FreeRTOS/event_groups.o" --specs=nano.specs -mfpu=fpv4-sp-d16 -mfloat-abi=hard -mthumb -o "common/ThirdParty/FreeRTOS/event_groups.o"
arm-none-eabi-gcc "C:/STM32/RTOS/RTOS_workspace/common/ThirdParty/FreeRTOS/list.c" -mcpu=cortex-m4 -std=gnu11 -g3 -DDEBUG -DUSE_HAL_DRIVER -DSTM32F407xx -c -I../Core/Inc -I../Drivers/STM32F4xx_HAL_Driver/Inc -I../Drivers/STM32F4xx_HAL_Driver/Inc/Legacy -I../Drivers/CMSIS/Device/ST/STM32F4xx/Include -I../Drivers/CMSIS/Include -I"C:/STM32/RTOS/RTOS_workspace/common/ThirdParty/FreeRTOS/include" -I"C:/STM32/RTOS/RTOS_workspace/common/ThirdParty/FreeRTOS/portable/GCC/ARM_CM4F" -I"C:/STM32/RTOS/RTOS_workspace/common/ThirdParty/SEGGER/Config" -I"C:/STM32/RTOS/RTOS_workspace/common/ThirdParty/SEGGER/OS" -I"C:/STM32/RTOS/RTOS_workspace/common/ThirdParty/SEGGER/SEGGER" -I"D:/Workspace/RTOS_workspace/common/ThirdParty/FreeRTOS/include" -I"D:/Workspace/RTOS_workspace/common/ThirdParty/FreeRTOS/portable/GCC/ARM_CM4F" -I"D:/Workspace/RTOS_workspace/common/ThirdParty/SEGGER/Config" -I"D:/Workspace/RTOS_workspace/common/ThirdParty/SEGGER/OS" -I"D:/Workspace/RTOS_workspace/common/ThirdParty/SEGGER/SEGGER" -O0 -ffunction-sections -fdata-sections -Wall -fstack-usage -MMD -MP -MF"common/ThirdParty/FreeRTOS/list.d" -MT"common/ThirdParty/FreeRTOS/list.o" --specs=nano.specs -mfpu=fpv4-sp-d16 -mfloat-abi=hard -mthumb -o "common/ThirdParty/FreeRTOS/list.o"
In file included from C:/STM32/RTOS/RTOS_workspace/common/ThirdParty/SEGGER/OS/SEGGER_SYSVIEW_FreeRTOS.c:57:
C:/STM32/RTOS/RTOS_workspace/common/ThirdParty/SEGGER/OS/SEGGER_SYSVIEW_FreeRTOS.h:195: warning: "traceTASK_NOTIFY_TAKE" redefined
arm-none-eabi-gcc "C:/STM32/RTOS/RTOS_workspace/common/ThirdParty/FreeRTOS/queue.c" -mcpu=cortex-m4 -std=gnu11 -g3 -DDEBUG -DUSE_HAL_DRIVER -DSTM32F407xx -c -I../Core/Inc -I../Drivers/STM32F4xx_HAL_Driver/Inc -I../Drivers/STM32F4xx_HAL_Driver/Inc/Legacy -I../Drivers/CMSIS/Device/ST/STM32F4xx/Include -I../Drivers/CMSIS/Include -I"C:/STM32/RTOS/RTOS_workspace/common/ThirdParty/FreeRTOS/include" -I"C:/STM32/RTOS/RTOS_workspace/common/ThirdParty/FreeRTOS/portable/GCC/ARM_CM4F" -I"C:/STM32/RTOS/RTOS_workspace/common/ThirdParty/SEGGER/Config" -I"C:/STM32/RTOS/RTOS_workspace/common/ThirdParty/SEGGER/OS" -I"C:/STM32/RTOS/RTOS_workspace/common/ThirdParty/SEGGER/SEGGER" -I"D:/Workspace/RTOS_workspace/common/ThirdParty/FreeRTOS/include" -I"D:/Workspace/RTOS_workspace/common/ThirdParty/FreeRTOS/portable/GCC/ARM_CM4F" -I"D:/Workspace/RTOS_workspace/common/ThirdParty/SEGGER/Config" -I"D:/Workspace/RTOS_workspace/common/ThirdParty/SEGGER/OS" -I"D:/Workspace/RTOS_workspace/common/ThirdParty/SEGGER/SEGGER" -O0 -ffunction-sections -fdata-sections -Wall -fstack-usage -MMD -MP -MF"common/ThirdParty/FreeRTOS/queue.d" -MT"common/ThirdParty/FreeRTOS/queue.o" --specs=nano.specs -mfpu=fpv4-sp-d16 -mfloat-abi=hard -mthumb -o "common/ThirdParty/FreeRTOS/queue.o"
  195 | #define traceTASK_NOTIFY_TAKE()                                                 SEGGER_SYSVIEW_RecordU32x2(apiID_OFFSET + apiID_ULTASKNOTIFYTAKE, xClearCountOnExit, xTicksToWait)
      | 
In file included from C:/STM32/RTOS/RTOS_workspace/common/ThirdParty/SEGGER/OS/SEGGER_SYSVIEW_FreeRTOS.c:54:
C:/STM32/RTOS/RTOS_workspace/common/ThirdParty/FreeRTOS/include/FreeRTOS.h:696: note: this is the location of the previous definition
  696 |     #define traceTASK_NOTIFY_TAKE( uxIndexToWait )
      | 
In file included from C:/STM32/RTOS/RTOS_workspace/common/ThirdParty/SEGGER/OS/SEGGER_SYSVIEW_FreeRTOS.c:57:
C:/STM32/RTOS/RTOS_workspace/common/ThirdParty/SEGGER/OS/SEGGER_SYSVIEW_FreeRTOS.h:196: warning: "traceTASK_DELAY" redefined
  196 | #define traceTASK_DELAY()                                                       SEGGER_SYSVIEW_RecordU32  (apiID_OFFSET + apiID_VTASKDELAY, xTicksToDelay)
      | 
In file included from C:/STM32/RTOS/RTOS_workspace/common/ThirdParty/SEGGER/OS/SEGGER_SYSVIEW_FreeRTOS.c:54:
C:/STM32/RTOS/RTOS_workspace/common/ThirdParty/FreeRTOS/include/FreeRTOS.h:584: note: this is the location of the previous definition
  584 |     #define traceTASK_DELAY()
      | 
In file included from C:/STM32/RTOS/RTOS_workspace/common/ThirdParty/SEGGER/OS/SEGGER_SYSVIEW_FreeRTOS.c:57:
C:/STM32/RTOS/RTOS_workspace/common/ThirdParty/SEGGER/OS/SEGGER_SYSVIEW_FreeRTOS.h:197: warning: "traceTASK_DELAY_UNTIL" redefined
  197 | #define traceTASK_DELAY_UNTIL(xTimeToWake)                                      SEGGER_SYSVIEW_RecordVoid (apiID_OFFSET + apiID_VTASKDELAYUNTIL)
      | 
In file included from C:/STM32/RTOS/RTOS_workspace/common/ThirdParty/SEGGER/OS/SEGGER_SYSVIEW_FreeRTOS.c:54:
C:/STM32/RTOS/RTOS_workspace/common/ThirdParty/FreeRTOS/include/FreeRTOS.h:580: note: this is the location of the previous definition
  580 |     #define traceTASK_DELAY_UNTIL( x )
      | 
In file included from C:/STM32/RTOS/RTOS_workspace/common/ThirdParty/SEGGER/OS/SEGGER_SYSVIEW_FreeRTOS.c:57:
C:/STM32/RTOS/RTOS_workspace/common/ThirdParty/SEGGER/OS/SEGGER_SYSVIEW_FreeRTOS.h:198: warning: "traceTASK_NOTIFY_GIVE_FROM_ISR" redefined
  198 | #define traceTASK_NOTIFY_GIVE_FROM_ISR()                                        SEGGER_SYSVIEW_RecordU32x2(apiID_OFFSET + apiID_VTASKNOTIFYGIVEFROMISR, SEGGER_SYSVIEW_ShrinkId((U32)pxTCB), (U32)pxHigherPriorityTaskWoken)
      | 
In file included from C:/STM32/RTOS/RTOS_workspace/common/ThirdParty/SEGGER/OS/SEGGER_SYSVIEW_FreeRTOS.c:54:
C:/STM32/RTOS/RTOS_workspace/common/ThirdParty/FreeRTOS/include/FreeRTOS.h:716: note: this is the location of the previous definition
  716 |     #define traceTASK_NOTIFY_GIVE_FROM_ISR( uxIndexToNotify )
      | 
In file included from C:/STM32/RTOS/RTOS_workspace/common/ThirdParty/SEGGER/OS/SEGGER_SYSVIEW_FreeRTOS.c:57:
C:/STM32/RTOS/RTOS_workspace/common/ThirdParty/SEGGER/OS/SEGGER_SYSVIEW_FreeRTOS.h:199: warning: "traceTASK_PRIORITY_INHERIT" redefined
  199 | #define traceTASK_PRIORITY_INHERIT( pxTCB, uxPriority )                         SEGGER_SYSVIEW_RecordU32  (apiID_OFFSET + apiID_VTASKPRIORITYINHERIT, (U32)pxMutexHolder)
      | 
In file included from C:/STM32/RTOS/RTOS_workspace/common/ThirdParty/SEGGER/OS/SEGGER_SYSVIEW_FreeRTOS.c:54:
C:/STM32/RTOS/RTOS_workspace/common/ThirdParty/FreeRTOS/include/FreeRTOS.h:394: note: this is the location of the previous definition
  394 |     #define traceTASK_PRIORITY_INHERIT( pxTCBOfMutexHolder, uxInheritedPriority )
      | 
In file included from C:/STM32/RTOS/RTOS_workspace/common/ThirdParty/SEGGER/OS/SEGGER_SYSVIEW_FreeRTOS.c:57:
C:/STM32/RTOS/RTOS_workspace/common/ThirdParty/SEGGER/OS/SEGGER_SYSVIEW_FreeRTOS.h:200: warning: "traceTASK_RESUME" redefined
  200 | #define traceTASK_RESUME( pxTCB )                                               SEGGER_SYSVIEW_RecordU32  (apiID_OFFSET + apiID_VTASKRESUME, SEGGER_SYSVIEW_ShrinkId((U32)pxTCB))
      | 
In file included from C:/STM32/RTOS/RTOS_workspace/common/ThirdParty/SEGGER/OS/SEGGER_SYSVIEW_FreeRTOS.c:54:
C:/STM32/RTOS/RTOS_workspace/common/ThirdParty/FreeRTOS/include/FreeRTOS.h:596: note: this is the location of the previous definition
  596 |     #define traceTASK_RESUME( pxTaskToResume )
      | 
In file included from C:/STM32/RTOS/RTOS_workspace/common/ThirdParty/SEGGER/OS/SEGGER_SYSVIEW_FreeRTOS.c:57:
C:/STM32/RTOS/RTOS_workspace/common/ThirdParty/SEGGER/OS/SEGGER_SYSVIEW_FreeRTOS.h:201: warning: "traceINCREASE_TICK_COUNT" redefined
  201 | #define traceINCREASE_TICK_COUNT( xTicksToJump )                                SEGGER_SYSVIEW_RecordU32  (apiID_OFFSET + apiID_VTASKSTEPTICK, xTicksToJump)
      | 
In file included from C:/STM32/RTOS/RTOS_workspace/common/ThirdParty/SEGGER/OS/SEGGER_SYSVIEW_FreeRTOS.c:54:
C:/STM32/RTOS/RTOS_workspace/common/ThirdParty/FreeRTOS/include/FreeRTOS.h:367: note: this is the location of the previous definition
  367 |     #define traceINCREASE_TICK_COUNT( x )
      | 
In file included from C:/STM32/RTOS/RTOS_workspace/common/ThirdParty/SEGGER/OS/SEGGER_SYSVIEW_FreeRTOS.c:57:
C:/STM32/RTOS/RTOS_workspace/common/ThirdParty/SEGGER/OS/SEGGER_SYSVIEW_FreeRTOS.h:202: warning: "traceTASK_SUSPEND" redefined
  202 | #define traceTASK_SUSPEND( pxTCB )                                              SEGGER_SYSVIEW_RecordU32  (apiID_OFFSET + apiID_VTASKSUSPEND, SEGGER_SYSVIEW_ShrinkId((U32)pxTCB))
      | 
In file included from C:/STM32/RTOS/RTOS_workspace/common/ThirdParty/SEGGER/OS/SEGGER_SYSVIEW_FreeRTOS.c:54:
C:/STM32/RTOS/RTOS_workspace/common/ThirdParty/FreeRTOS/include/FreeRTOS.h:592: note: this is the location of the previous definition
  592 |     #define traceTASK_SUSPEND( pxTaskToSuspend )
      | 
In file included from C:/STM32/RTOS/RTOS_workspace/common/ThirdParty/SEGGER/OS/SEGGER_SYSVIEW_FreeRTOS.c:57:
C:/STM32/RTOS/RTOS_workspace/common/ThirdParty/SEGGER/OS/SEGGER_SYSVIEW_FreeRTOS.h:203: warning: "traceTASK_PRIORITY_DISINHERIT" redefined
  203 | #define traceTASK_PRIORITY_DISINHERIT( pxTCB, uxBasePriority )                  SEGGER_SYSVIEW_RecordU32  (apiID_OFFSET + apiID_XTASKPRIORITYDISINHERIT, (U32)pxMutexHolder)
      | 
In file included from C:/STM32/RTOS/RTOS_workspace/common/ThirdParty/SEGGER/OS/SEGGER_SYSVIEW_FreeRTOS.c:54:
C:/STM32/RTOS/RTOS_workspace/common/ThirdParty/FreeRTOS/include/FreeRTOS.h:403: note: this is the location of the previous definition
  403 |     #define traceTASK_PRIORITY_DISINHERIT( pxTCBOfMutexHolder, uxOriginalPriority )
      | 
In file included from C:/STM32/RTOS/RTOS_workspace/common/ThirdParty/SEGGER/OS/SEGGER_SYSVIEW_FreeRTOS.c:57:
C:/STM32/RTOS/RTOS_workspace/common/ThirdParty/SEGGER/OS/SEGGER_SYSVIEW_FreeRTOS.h:204: warning: "traceTASK_RESUME_FROM_ISR" redefined
  204 | #define traceTASK_RESUME_FROM_ISR( pxTCB )                                      SEGGER_SYSVIEW_RecordU32  (apiID_OFFSET + apiID_XTASKRESUMEFROMISR, SEGGER_SYSVIEW_ShrinkId((U32)pxTCB))
      | 
In file included from C:/STM32/RTOS/RTOS_workspace/common/ThirdParty/SEGGER/OS/SEGGER_SYSVIEW_FreeRTOS.c:54:
C:/STM32/RTOS/RTOS_workspace/common/ThirdParty/FreeRTOS/include/FreeRTOS.h:600: note: this is the location of the previous definition
  600 |     #define traceTASK_RESUME_FROM_ISR( pxTaskToResume )
      | 
In file included from C:/STM32/RTOS/RTOS_workspace/common/ThirdParty/SEGGER/OS/SEGGER_SYSVIEW_FreeRTOS.c:57:
C:/STM32/RTOS/RTOS_workspace/common/ThirdParty/SEGGER/OS/SEGGER_SYSVIEW_FreeRTOS.h:205: warning: "traceTASK_NOTIFY" redefined
  205 | #define traceTASK_NOTIFY()                                                      SEGGER_SYSVIEW_RecordU32x4(apiID_OFFSET + apiID_XTASKGENERICNOTIFY, SEGGER_SYSVIEW_ShrinkId((U32)pxTCB), ulValue, eAction, (U32)pulPreviousNotificationValue)
      | 
In file included from C:/STM32/RTOS/RTOS_workspace/common/ThirdParty/SEGGER/OS/SEGGER_SYSVIEW_FreeRTOS.c:54:
C:/STM32/RTOS/RTOS_workspace/common/ThirdParty/FreeRTOS/include/FreeRTOS.h:708: note: this is the location of the previous definition
  708 |     #define traceTASK_NOTIFY( uxIndexToNotify )
      | 
In file included from C:/STM32/RTOS/RTOS_workspace/common/ThirdParty/SEGGER/OS/SEGGER_SYSVIEW_FreeRTOS.c:57:
C:/STM32/RTOS/RTOS_workspace/common/ThirdParty/SEGGER/OS/SEGGER_SYSVIEW_FreeRTOS.h:206: warning: "traceTASK_NOTIFY_FROM_ISR" redefined
  206 | #define traceTASK_NOTIFY_FROM_ISR()                                             SEGGER_SYSVIEW_RecordU32x5(apiID_OFFSET + apiID_XTASKGENERICNOTIFYFROMISR, SEGGER_SYSVIEW_ShrinkId((U32)pxTCB), ulValue, eAction, (U32)pulPreviousNotificationValue, (U32)pxHigherPriorityTaskWoken)
      | 
In file included from C:/STM32/RTOS/RTOS_workspace/common/ThirdParty/SEGGER/OS/SEGGER_SYSVIEW_FreeRTOS.c:54:
C:/STM32/RTOS/RTOS_workspace/common/ThirdParty/FreeRTOS/include/FreeRTOS.h:712: note: this is the location of the previous definition
  712 |     #define traceTASK_NOTIFY_FROM_ISR( uxIndexToNotify )
      | 
In file included from C:/STM32/RTOS/RTOS_workspace/common/ThirdParty/SEGGER/OS/SEGGER_SYSVIEW_FreeRTOS.c:57:
C:/STM32/RTOS/RTOS_workspace/common/ThirdParty/SEGGER/OS/SEGGER_SYSVIEW_FreeRTOS.h:207: warning: "traceTASK_NOTIFY_WAIT" redefined
  207 | #define traceTASK_NOTIFY_WAIT()                                                 SEGGER_SYSVIEW_RecordU32x4(apiID_OFFSET + apiID_XTASKNOTIFYWAIT, ulBitsToClearOnEntry, ulBitsToClearOnExit, (U32)pulNotificationValue, xTicksToWait)
      | 
In file included from C:/STM32/RTOS/RTOS_workspace/common/ThirdParty/SEGGER/OS/SEGGER_SYSVIEW_FreeRTOS.c:54:
C:/STM32/RTOS/RTOS_workspace/common/ThirdParty/FreeRTOS/include/FreeRTOS.h:704: note: this is the location of the previous definition
  704 |     #define traceTASK_NOTIFY_WAIT( uxIndexToWait )
      | 
In file included from C:/STM32/RTOS/RTOS_workspace/common/ThirdParty/SEGGER/OS/SEGGER_SYSVIEW_FreeRTOS.c:57:
C:/STM32/RTOS/RTOS_workspace/common/ThirdParty/SEGGER/OS/SEGGER_SYSVIEW_FreeRTOS.h:209: warning: "traceQUEUE_CREATE" redefined
  209 | #define traceQUEUE_CREATE( pxNewQueue )                                         SEGGER_SYSVIEW_RecordU32x3(apiID_OFFSET + apiID_XQUEUEGENERICCREATE, uxQueueLength, uxItemSize, ucQueueType)
      | 
In file included from C:/STM32/RTOS/RTOS_workspace/common/ThirdParty/SEGGER/OS/SEGGER_SYSVIEW_FreeRTOS.c:54:
C:/STM32/RTOS/RTOS_workspace/common/ThirdParty/FreeRTOS/include/FreeRTOS.h:472: note: this is the location of the previous definition
  472 |     #define traceQUEUE_CREATE( pxNewQueue )
      | 
In file included from C:/STM32/RTOS/RTOS_workspace/common/ThirdParty/SEGGER/OS/SEGGER_SYSVIEW_FreeRTOS.c:57:
C:/STM32/RTOS/RTOS_workspace/common/ThirdParty/SEGGER/OS/SEGGER_SYSVIEW_FreeRTOS.h:210: warning: "traceQUEUE_DELETE" redefined
  210 | #define traceQUEUE_DELETE( pxQueue )                                            SEGGER_SYSVIEW_RecordU32  (apiID_OFFSET + apiID_VQUEUEDELETE, SEGGER_SYSVIEW_ShrinkId((U32)pxQueue))
      | 
In file included from C:/STM32/RTOS/RTOS_workspace/common/ThirdParty/SEGGER/OS/SEGGER_SYSVIEW_FreeRTOS.c:54:
C:/STM32/RTOS/RTOS_workspace/common/ThirdParty/FreeRTOS/include/FreeRTOS.h:564: note: this is the location of the previous definition
  564 |     #define traceQUEUE_DELETE( pxQueue )
      | 
In file included from C:/STM32/RTOS/RTOS_workspace/common/ThirdParty/SEGGER/OS/SEGGER_SYSVIEW_FreeRTOS.c:57:
C:/STM32/RTOS/RTOS_workspace/common/ThirdParty/SEGGER/OS/SEGGER_SYSVIEW_FreeRTOS.h:211: warning: "traceQUEUE_PEEK" redefined
  211 | #define traceQUEUE_PEEK( pxQueue )                                              SEGGER_SYSVIEW_RecordU32x4(apiID_OFFSET + apiID_XQUEUEGENERICRECEIVE, SEGGER_SYSVIEW_ShrinkId((U32)pxQueue), SEGGER_SYSVIEW_ShrinkId((U32)pvBuffer), xTicksToWait, 1)
      | 
In file included from C:/STM32/RTOS/RTOS_workspace/common/ThirdParty/SEGGER/OS/SEGGER_SYSVIEW_FreeRTOS.c:54:
C:/STM32/RTOS/RTOS_workspace/common/ThirdParty/FreeRTOS/include/FreeRTOS.h:528: note: this is the location of the previous definition
  528 |     #define traceQUEUE_PEEK( pxQueue )
      | 
In file included from C:/STM32/RTOS/RTOS_workspace/common/ThirdParty/SEGGER/OS/SEGGER_SYSVIEW_FreeRTOS.c:57:
C:/STM32/RTOS/RTOS_workspace/common/ThirdParty/SEGGER/OS/SEGGER_SYSVIEW_FreeRTOS.h:212: warning: "traceQUEUE_PEEK_FROM_ISR" redefined
  212 | #define traceQUEUE_PEEK_FROM_ISR( pxQueue )                                     SEGGER_SYSVIEW_RecordU32x2(apiID_OFFSET + apiID_XQUEUEPEEKFROMISR, SEGGER_SYSVIEW_ShrinkId((U32)pxQueue), SEGGER_SYSVIEW_ShrinkId((U32)pvBuffer))
      | 
In file included from C:/STM32/RTOS/RTOS_workspace/common/ThirdParty/SEGGER/OS/SEGGER_SYSVIEW_FreeRTOS.c:54:
C:/STM32/RTOS/RTOS_workspace/common/ThirdParty/FreeRTOS/include/FreeRTOS.h:536: note: this is the location of the previous definition
  536 |     #define traceQUEUE_PEEK_FROM_ISR( pxQueue )
      | 
In file included from C:/STM32/RTOS/RTOS_workspace/common/ThirdParty/SEGGER/OS/SEGGER_SYSVIEW_FreeRTOS.c:57:
C:/STM32/RTOS/RTOS_workspace/common/ThirdParty/SEGGER/OS/SEGGER_SYSVIEW_FreeRTOS.h:213: warning: "traceQUEUE_PEEK_FROM_ISR_FAILED" redefined
  213 | #define traceQUEUE_PEEK_FROM_ISR_FAILED( pxQueue )                              SEGGER_SYSVIEW_RecordU32x2(apiID_OFFSET + apiID_XQUEUEPEEKFROMISR, SEGGER_SYSVIEW_ShrinkId((U32)pxQueue), SEGGER_SYSVIEW_ShrinkId((U32)pvBuffer))
      | 
In file included from C:/STM32/RTOS/RTOS_workspace/common/ThirdParty/SEGGER/OS/SEGGER_SYSVIEW_FreeRTOS.c:54:
C:/STM32/RTOS/RTOS_workspace/common/ThirdParty/FreeRTOS/include/FreeRTOS.h:560: note: this is the location of the previous definition
  560 |     #define traceQUEUE_PEEK_FROM_ISR_FAILED( pxQueue )
      | 
In file included from C:/STM32/RTOS/RTOS_workspace/common/ThirdParty/SEGGER/OS/SEGGER_SYSVIEW_FreeRTOS.c:57:
C:/STM32/RTOS/RTOS_workspace/common/ThirdParty/SEGGER/OS/SEGGER_SYSVIEW_FreeRTOS.h:214: warning: "traceQUEUE_RECEIVE" redefined
  214 | #define traceQUEUE_RECEIVE( pxQueue )                                           SEGGER_SYSVIEW_RecordU32x4(apiID_OFFSET + apiID_XQUEUEGENERICRECEIVE, SEGGER_SYSVIEW_ShrinkId((U32)pxQueue), SEGGER_SYSVIEW_ShrinkId((U32)0), xTicksToWait, 1)
      | 
In file included from C:/STM32/RTOS/RTOS_workspace/common/ThirdParty/SEGGER/OS/SEGGER_SYSVIEW_FreeRTOS.c:54:
C:/STM32/RTOS/RTOS_workspace/common/ThirdParty/FreeRTOS/include/FreeRTOS.h:524: note: this is the location of the previous definition
  524 |     #define traceQUEUE_RECEIVE( pxQueue )
      | 
In file included from C:/STM32/RTOS/RTOS_workspace/common/ThirdParty/SEGGER/OS/SEGGER_SYSVIEW_FreeRTOS.c:57:
C:/STM32/RTOS/RTOS_workspace/common/ThirdParty/SEGGER/OS/SEGGER_SYSVIEW_FreeRTOS.h:215: warning: "traceQUEUE_RECEIVE_FAILED" redefined
  215 | #define traceQUEUE_RECEIVE_FAILED( pxQueue )                                    SEGGER_SYSVIEW_RecordU32x4(apiID_OFFSET + apiID_XQUEUEGENERICRECEIVE, SEGGER_SYSVIEW_ShrinkId((U32)pxQueue), SEGGER_SYSVIEW_ShrinkId((U32)0), xTicksToWait, 1)
      | 
In file included from C:/STM32/RTOS/RTOS_workspace/common/ThirdParty/SEGGER/OS/SEGGER_SYSVIEW_FreeRTOS.c:54:
C:/STM32/RTOS/RTOS_workspace/common/ThirdParty/FreeRTOS/include/FreeRTOS.h:540: note: this is the location of the previous definition
  540 |     #define traceQUEUE_RECEIVE_FAILED( pxQueue )
      | 
In file included from C:/STM32/RTOS/RTOS_workspace/common/ThirdParty/SEGGER/OS/SEGGER_SYSVIEW_FreeRTOS.c:57:
C:/STM32/RTOS/RTOS_workspace/common/ThirdParty/SEGGER/OS/SEGGER_SYSVIEW_FreeRTOS.h:217: warning: "traceQUEUE_RECEIVE_FROM_ISR" redefined
  217 | #define traceQUEUE_RECEIVE_FROM_ISR( pxQueue )                                  SEGGER_SYSVIEW_RecordU32x3(apiID_OFFSET + apiID_XQUEUERECEIVEFROMISR, SEGGER_SYSVIEW_ShrinkId((U32)pxQueue), SEGGER_SYSVIEW_ShrinkId((U32)pvBuffer), (U32)pxHigherPriorityTaskWoken)
      | 
In file included from C:/STM32/RTOS/RTOS_workspace/common/ThirdParty/SEGGER/OS/SEGGER_SYSVIEW_FreeRTOS.c:54:
C:/STM32/RTOS/RTOS_workspace/common/ThirdParty/FreeRTOS/include/FreeRTOS.h:552: note: this is the location of the previous definition
  552 |     #define traceQUEUE_RECEIVE_FROM_ISR( pxQueue )
      | 
In file included from C:/STM32/RTOS/RTOS_workspace/common/ThirdParty/SEGGER/OS/SEGGER_SYSVIEW_FreeRTOS.c:57:
C:/STM32/RTOS/RTOS_workspace/common/ThirdParty/SEGGER/OS/SEGGER_SYSVIEW_FreeRTOS.h:218: warning: "traceQUEUE_RECEIVE_FROM_ISR_FAILED" redefined
  218 | #define traceQUEUE_RECEIVE_FROM_ISR_FAILED( pxQueue )                           SEGGER_SYSVIEW_RecordU32x3(apiID_OFFSET + apiID_XQUEUERECEIVEFROMISR, SEGGER_SYSVIEW_ShrinkId((U32)pxQueue), SEGGER_SYSVIEW_ShrinkId((U32)pvBuffer), (U32)pxHigherPriorityTaskWoken)
      | 
In file included from C:/STM32/RTOS/RTOS_workspace/common/ThirdParty/SEGGER/OS/SEGGER_SYSVIEW_FreeRTOS.c:54:
C:/STM32/RTOS/RTOS_workspace/common/ThirdParty/FreeRTOS/include/FreeRTOS.h:556: note: this is the location of the previous definition
  556 |     #define traceQUEUE_RECEIVE_FROM_ISR_FAILED( pxQueue )
      | 
In file included from C:/STM32/RTOS/RTOS_workspace/common/ThirdParty/SEGGER/OS/SEGGER_SYSVIEW_FreeRTOS.c:57:
C:/STM32/RTOS/RTOS_workspace/common/ThirdParty/SEGGER/OS/SEGGER_SYSVIEW_FreeRTOS.h:219: warning: "traceQUEUE_REGISTRY_ADD" redefined
  219 | #define traceQUEUE_REGISTRY_ADD( xQueue, pcQueueName )                          SEGGER_SYSVIEW_RecordU32x2(apiID_OFFSET + apiID_VQUEUEADDTOREGISTRY, SEGGER_SYSVIEW_ShrinkId((U32)xQueue), (U32)pcQueueName)
      | 
In file included from C:/STM32/RTOS/RTOS_workspace/common/ThirdParty/SEGGER/OS/SEGGER_SYSVIEW_FreeRTOS.c:54:
C:/STM32/RTOS/RTOS_workspace/common/ThirdParty/FreeRTOS/include/FreeRTOS.h:688: note: this is the location of the previous definition
  688 |     #define traceQUEUE_REGISTRY_ADD( xQueue, pcQueueName )
arm-none-eabi-gcc "C:/STM32/RTOS/RTOS_workspace/common/ThirdParty/FreeRTOS/stream_buffer.c" -mcpu=cortex-m4 -std=gnu11 -g3 -DDEBUG -DUSE_HAL_DRIVER -DSTM32F407xx -c -I../Core/Inc -I../Drivers/STM32F4xx_HAL_Driver/Inc -I../Drivers/STM32F4xx_HAL_Driver/Inc/Legacy -I../Drivers/CMSIS/Device/ST/STM32F4xx/Include -I../Drivers/CMSIS/Include -I"C:/STM32/RTOS/RTOS_workspace/common/ThirdParty/FreeRTOS/include" -I"C:/STM32/RTOS/RTOS_workspace/common/ThirdParty/FreeRTOS/portable/GCC/ARM_CM4F" -I"C:/STM32/RTOS/RTOS_workspace/common/ThirdParty/SEGGER/Config" -I"C:/STM32/RTOS/RTOS_workspace/common/ThirdParty/SEGGER/OS" -I"C:/STM32/RTOS/RTOS_workspace/common/ThirdParty/SEGGER/SEGGER" -I"D:/Workspace/RTOS_workspace/common/ThirdParty/FreeRTOS/include" -I"D:/Workspace/RTOS_workspace/common/ThirdParty/FreeRTOS/portable/GCC/ARM_CM4F" -I"D:/Workspace/RTOS_workspace/common/ThirdParty/SEGGER/Config" -I"D:/Workspace/RTOS_workspace/common/ThirdParty/SEGGER/OS" -I"D:/Workspace/RTOS_workspace/common/ThirdParty/SEGGER/SEGGER" -O0 -ffunction-sections -fdata-sections -Wall -fstack-usage -MMD -MP -MF"common/ThirdParty/FreeRTOS/stream_buffer.d" -MT"common/ThirdParty/FreeRTOS/stream_buffer.o" --specs=nano.specs -mfpu=fpv4-sp-d16 -mfloat-abi=hard -mthumb -o "common/ThirdParty/FreeRTOS/stream_buffer.o"
      | 
In file included from C:/STM32/RTOS/RTOS_workspace/common/ThirdParty/SEGGER/OS/SEGGER_SYSVIEW_FreeRTOS.c:57:
C:/STM32/RTOS/RTOS_workspace/common/ThirdParty/SEGGER/OS/SEGGER_SYSVIEW_FreeRTOS.h:221: warning: "traceQUEUE_SEND" redefined
  221 |   #define traceQUEUE_SEND( pxQueue )                                            SEGGER_SYSVIEW_RecordU32x4(apiID_OFFSET + apiID_XQUEUEGENERICSEND, SEGGER_SYSVIEW_ShrinkId((U32)pxQueue), (U32)pvItemToQueue, xTicksToWait, xCopyPosition)
      | 
In file included from C:/STM32/RTOS/RTOS_workspace/common/ThirdParty/SEGGER/OS/SEGGER_SYSVIEW_FreeRTOS.c:54:
C:/STM32/RTOS/RTOS_workspace/common/ThirdParty/FreeRTOS/include/FreeRTOS.h:516: note: this is the location of the previous definition
  516 |     #define traceQUEUE_SEND( pxQueue )
      | 
In file included from C:/STM32/RTOS/RTOS_workspace/common/ThirdParty/SEGGER/OS/SEGGER_SYSVIEW_FreeRTOS.c:57:
C:/STM32/RTOS/RTOS_workspace/common/ThirdParty/SEGGER/OS/SEGGER_SYSVIEW_FreeRTOS.h:225: warning: "traceQUEUE_SEND_FAILED" redefined
  225 | #define traceQUEUE_SEND_FAILED( pxQueue )                                       SEGGER_SYSVIEW_RecordU32x4(apiID_OFFSET + apiID_XQUEUEGENERICSEND, SEGGER_SYSVIEW_ShrinkId((U32)pxQueue), (U32)pvItemToQueue, xTicksToWait, xCopyPosition)
      | 
In file included from C:/STM32/RTOS/RTOS_workspace/common/ThirdParty/SEGGER/OS/SEGGER_SYSVIEW_FreeRTOS.c:54:
C:/STM32/RTOS/RTOS_workspace/common/ThirdParty/FreeRTOS/include/FreeRTOS.h:520: note: this is the location of the previous definition
  520 |     #define traceQUEUE_SEND_FAILED( pxQueue )
      | 
In file included from C:/STM32/RTOS/RTOS_workspace/common/ThirdParty/SEGGER/OS/SEGGER_SYSVIEW_FreeRTOS.c:57:
C:/STM32/RTOS/RTOS_workspace/common/ThirdParty/SEGGER/OS/SEGGER_SYSVIEW_FreeRTOS.h:226: warning: "traceQUEUE_SEND_FROM_ISR" redefined
  226 | #define traceQUEUE_SEND_FROM_ISR( pxQueue )                                     SEGGER_SYSVIEW_RecordU32x2(apiID_OFFSET + apiID_XQUEUEGENERICSENDFROMISR, SEGGER_SYSVIEW_ShrinkId((U32)pxQueue), (U32)pxHigherPriorityTaskWoken)
      | 
In file included from C:/STM32/RTOS/RTOS_workspace/common/ThirdParty/SEGGER/OS/SEGGER_SYSVIEW_FreeRTOS.c:54:
C:/STM32/RTOS/RTOS_workspace/common/ThirdParty/FreeRTOS/include/FreeRTOS.h:544: note: this is the location of the previous definition
  544 |     #define traceQUEUE_SEND_FROM_ISR( pxQueue )
      | 
In file included from C:/STM32/RTOS/RTOS_workspace/common/ThirdParty/SEGGER/OS/SEGGER_SYSVIEW_FreeRTOS.c:57:
C:/STM32/RTOS/RTOS_workspace/common/ThirdParty/SEGGER/OS/SEGGER_SYSVIEW_FreeRTOS.h:227: warning: "traceQUEUE_SEND_FROM_ISR_FAILED" redefined
  227 | #define traceQUEUE_SEND_FROM_ISR_FAILED( pxQueue )                              SEGGER_SYSVIEW_RecordU32x2(apiID_OFFSET + apiID_XQUEUEGENERICSENDFROMISR, SEGGER_SYSVIEW_ShrinkId((U32)pxQueue), (U32)pxHigherPriorityTaskWoken)
      | 
In file included from C:/STM32/RTOS/RTOS_workspace/common/ThirdParty/SEGGER/OS/SEGGER_SYSVIEW_FreeRTOS.c:54:
C:/STM32/RTOS/RTOS_workspace/common/ThirdParty/FreeRTOS/include/FreeRTOS.h:548: note: this is the location of the previous definition
  548 |     #define traceQUEUE_SEND_FROM_ISR_FAILED( pxQueue )
      | 
In file included from C:/STM32/RTOS/RTOS_workspace/common/ThirdParty/SEGGER/OS/SEGGER_SYSVIEW_FreeRTOS.c:57:
C:/STM32/RTOS/RTOS_workspace/common/ThirdParty/SEGGER/OS/SEGGER_SYSVIEW_FreeRTOS.h:228: warning: "traceSTREAM_BUFFER_CREATE" redefined
  228 | #define traceSTREAM_BUFFER_CREATE( pxStreamBuffer, xIsMessageBuffer )           SEGGER_SYSVIEW_RecordU32x2(apiID_OFFSET + apiID_XSTREAMBUFFERCREATE, (U32)xIsMessageBuffer, (U32)pxStreamBuffer)
      | 
In file included from C:/STM32/RTOS/RTOS_workspace/common/ThirdParty/SEGGER/OS/SEGGER_SYSVIEW_FreeRTOS.c:54:
C:/STM32/RTOS/RTOS_workspace/common/ThirdParty/FreeRTOS/include/FreeRTOS.h:740: note: this is the location of the previous definition
  740 |     #define traceSTREAM_BUFFER_CREATE( pxStreamBuffer, xIsMessageBuffer )
      | 
In file included from C:/STM32/RTOS/RTOS_workspace/common/ThirdParty/SEGGER/OS/SEGGER_SYSVIEW_FreeRTOS.c:57:
C:/STM32/RTOS/RTOS_workspace/common/ThirdParty/SEGGER/OS/SEGGER_SYSVIEW_FreeRTOS.h:229: warning: "traceSTREAM_BUFFER_CREATE_FAILED" redefined
  229 | #define traceSTREAM_BUFFER_CREATE_FAILED( xIsMessageBuffer )                    SEGGER_SYSVIEW_RecordU32x2(apiID_OFFSET + apiID_XSTREAMBUFFERCREATE, (U32)xIsMessageBuffer, 0u)
      | 
In file included from C:/STM32/RTOS/RTOS_workspace/common/ThirdParty/SEGGER/OS/SEGGER_SYSVIEW_FreeRTOS.c:54:
C:/STM32/RTOS/RTOS_workspace/common/ThirdParty/FreeRTOS/include/FreeRTOS.h:732: note: this is the location of the previous definition
  732 |     #define traceSTREAM_BUFFER_CREATE_FAILED( xIsMessageBuffer )
      | 
In file included from C:/STM32/RTOS/RTOS_workspace/common/ThirdParty/SEGGER/OS/SEGGER_SYSVIEW_FreeRTOS.c:57:
C:/STM32/RTOS/RTOS_workspace/common/ThirdParty/SEGGER/OS/SEGGER_SYSVIEW_FreeRTOS.h:230: warning: "traceSTREAM_BUFFER_DELETE" redefined
  230 | #define traceSTREAM_BUFFER_DELETE( xStreamBuffer )                              SEGGER_SYSVIEW_RecordU32  (apiID_OFFSET + apiID_VSTREAMBUFFERDELETE, (U32)xStreamBuffer)
      | 
In file included from C:/STM32/RTOS/RTOS_workspace/common/ThirdParty/SEGGER/OS/SEGGER_SYSVIEW_FreeRTOS.c:54:
C:/STM32/RTOS/RTOS_workspace/common/ThirdParty/FreeRTOS/include/FreeRTOS.h:744: note: this is the location of the previous definition
  744 |     #define traceSTREAM_BUFFER_DELETE( xStreamBuffer )
      | 
In file included from C:/STM32/RTOS/RTOS_workspace/common/ThirdParty/SEGGER/OS/SEGGER_SYSVIEW_FreeRTOS.c:57:
C:/STM32/RTOS/RTOS_workspace/common/ThirdParty/SEGGER/OS/SEGGER_SYSVIEW_FreeRTOS.h:231: warning: "traceSTREAM_BUFFER_RESET" redefined
  231 | #define traceSTREAM_BUFFER_RESET( xStreamBuffer )                               SEGGER_SYSVIEW_RecordU32  (apiID_OFFSET + apiID_XSTREAMBUFFERRESET, (U32)xStreamBuffer)
      | 
In file included from C:/STM32/RTOS/RTOS_workspace/common/ThirdParty/SEGGER/OS/SEGGER_SYSVIEW_FreeRTOS.c:54:
C:/STM32/RTOS/RTOS_workspace/common/ThirdParty/FreeRTOS/include/FreeRTOS.h:748: note: this is the location of the previous definition
  748 |     #define traceSTREAM_BUFFER_RESET( xStreamBuffer )
      | 
In file included from C:/STM32/RTOS/RTOS_workspace/common/ThirdParty/SEGGER/OS/SEGGER_SYSVIEW_FreeRTOS.c:57:
C:/STM32/RTOS/RTOS_workspace/common/ThirdParty/SEGGER/OS/SEGGER_SYSVIEW_FreeRTOS.h:232: warning: "traceSTREAM_BUFFER_SEND" redefined
  232 | #define traceSTREAM_BUFFER_SEND( xStreamBuffer, xBytesSent )                    SEGGER_SYSVIEW_RecordU32x2(apiID_OFFSET + apiID_XSTREAMBUFFERSEND, (U32)xStreamBuffer, (U32)xBytesSent)
      | 
In file included from C:/STM32/RTOS/RTOS_workspace/common/ThirdParty/SEGGER/OS/SEGGER_SYSVIEW_FreeRTOS.c:54:
C:/STM32/RTOS/RTOS_workspace/common/ThirdParty/FreeRTOS/include/FreeRTOS.h:756: note: this is the location of the previous definition
  756 |     #define traceSTREAM_BUFFER_SEND( xStreamBuffer, xBytesSent )
      | 
In file included from C:/STM32/RTOS/RTOS_workspace/common/ThirdParty/SEGGER/OS/SEGGER_SYSVIEW_FreeRTOS.c:57:
C:/STM32/RTOS/RTOS_workspace/common/ThirdParty/SEGGER/OS/SEGGER_SYSVIEW_FreeRTOS.h:233: warning: "traceSTREAM_BUFFER_SEND_FAILED" redefined
arm-none-eabi-gcc "C:/STM32/RTOS/RTOS_workspace/common/ThirdParty/FreeRTOS/tasks.c" -mcpu=cortex-m4 -std=gnu11 -g3 -DDEBUG -DUSE_HAL_DRIVER -DSTM32F407xx -c -I../Core/Inc -I../Drivers/STM32F4xx_HAL_Driver/Inc -I../Drivers/STM32F4xx_HAL_Driver/Inc/Legacy -I../Drivers/CMSIS/Device/ST/STM32F4xx/Include -I../Drivers/CMSIS/Include -I"C:/STM32/RTOS/RTOS_workspace/common/ThirdParty/FreeRTOS/include" -I"C:/STM32/RTOS/RTOS_workspace/common/ThirdParty/FreeRTOS/portable/GCC/ARM_CM4F" -I"C:/STM32/RTOS/RTOS_workspace/common/ThirdParty/SEGGER/Config" -I"C:/STM32/RTOS/RTOS_workspace/common/ThirdParty/SEGGER/OS" -I"C:/STM32/RTOS/RTOS_workspace/common/ThirdParty/SEGGER/SEGGER" -I"D:/Workspace/RTOS_workspace/common/ThirdParty/FreeRTOS/include" -I"D:/Workspace/RTOS_workspace/common/ThirdParty/FreeRTOS/portable/GCC/ARM_CM4F" -I"D:/Workspace/RTOS_workspace/common/ThirdParty/SEGGER/Config" -I"D:/Workspace/RTOS_workspace/common/ThirdParty/SEGGER/OS" -I"D:/Workspace/RTOS_workspace/common/ThirdParty/SEGGER/SEGGER" -O0 -ffunction-sections -fdata-sections -Wall -fstack-usage -MMD -MP -MF"common/ThirdParty/FreeRTOS/tasks.d" -MT"common/ThirdParty/FreeRTOS/tasks.o" --specs=nano.specs -mfpu=fpv4-sp-d16 -mfloat-abi=hard -mthumb -o "common/ThirdParty/FreeRTOS/tasks.o"
  233 | #define traceSTREAM_BUFFER_SEND_FAILED( xStreamBuffer )                         SEGGER_SYSVIEW_RecordU32x2(apiID_OFFSET + apiID_XSTREAMBUFFERSEND, (U32)xStreamBuffer, 0u)
      | 
In file included from C:/STM32/RTOS/RTOS_workspace/common/ThirdParty/SEGGER/OS/SEGGER_SYSVIEW_FreeRTOS.c:54:
C:/STM32/RTOS/RTOS_workspace/common/ThirdParty/FreeRTOS/include/FreeRTOS.h:760: note: this is the location of the previous definition
  760 |     #define traceSTREAM_BUFFER_SEND_FAILED( xStreamBuffer )
      | 
In file included from C:/STM32/RTOS/RTOS_workspace/common/ThirdParty/SEGGER/OS/SEGGER_SYSVIEW_FreeRTOS.c:57:
C:/STM32/RTOS/RTOS_workspace/common/ThirdParty/SEGGER/OS/SEGGER_SYSVIEW_FreeRTOS.h:234: warning: "traceSTREAM_BUFFER_SEND_FROM_ISR" redefined
arm-none-eabi-gcc "C:/STM32/RTOS/RTOS_workspace/common/ThirdParty/FreeRTOS/timers.c" -mcpu=cortex-m4 -std=gnu11 -g3 -DDEBUG -DUSE_HAL_DRIVER -DSTM32F407xx -c -I../Core/Inc -I../Drivers/STM32F4xx_HAL_Driver/Inc -I../Drivers/STM32F4xx_HAL_Driver/Inc/Legacy -I../Drivers/CMSIS/Device/ST/STM32F4xx/Include -I../Drivers/CMSIS/Include -I"C:/STM32/RTOS/RTOS_workspace/common/ThirdParty/FreeRTOS/include" -I"C:/STM32/RTOS/RTOS_workspace/common/ThirdParty/FreeRTOS/portable/GCC/ARM_CM4F" -I"C:/STM32/RTOS/RTOS_workspace/common/ThirdParty/SEGGER/Config" -I"C:/STM32/RTOS/RTOS_workspace/common/ThirdParty/SEGGER/OS" -I"C:/STM32/RTOS/RTOS_workspace/common/ThirdParty/SEGGER/SEGGER" -I"D:/Workspace/RTOS_workspace/common/ThirdParty/FreeRTOS/include" -I"D:/Workspace/RTOS_workspace/common/ThirdParty/FreeRTOS/portable/GCC/ARM_CM4F" -I"D:/Workspace/RTOS_workspace/common/ThirdParty/SEGGER/Config" -I"D:/Workspace/RTOS_workspace/common/ThirdParty/SEGGER/OS" -I"D:/Workspace/RTOS_workspace/common/ThirdParty/SEGGER/SEGGER" -O0 -ffunction-sections -fdata-sections -Wall -fstack-usage -MMD -MP -MF"common/ThirdParty/FreeRTOS/timers.d" -MT"common/ThirdParty/FreeRTOS/timers.o" --specs=nano.specs -mfpu=fpv4-sp-d16 -mfloat-abi=hard -mthumb -o "common/ThirdParty/FreeRTOS/timers.o"
  234 | #define traceSTREAM_BUFFER_SEND_FROM_ISR( xStreamBuffer, xBytesSent )           SEGGER_SYSVIEW_RecordU32x2(apiID_OFFSET + apiID_XSTREAMBUFFERSENDFROMISR, (U32)xStreamBuffer, (U32)xBytesSent)
      | 
In file included from C:/STM32/RTOS/RTOS_workspace/common/ThirdParty/SEGGER/OS/SEGGER_SYSVIEW_FreeRTOS.c:54:
C:/STM32/RTOS/RTOS_workspace/common/ThirdParty/FreeRTOS/include/FreeRTOS.h:764: note: this is the location of the previous definition
  764 |     #define traceSTREAM_BUFFER_SEND_FROM_ISR( xStreamBuffer, xBytesSent )
      | 
In file included from C:/STM32/RTOS/RTOS_workspace/common/ThirdParty/SEGGER/OS/SEGGER_SYSVIEW_FreeRTOS.c:57:
C:/STM32/RTOS/RTOS_workspace/common/ThirdParty/SEGGER/OS/SEGGER_SYSVIEW_FreeRTOS.h:235: warning: "traceSTREAM_BUFFER_RECEIVE" redefined
  235 | #define traceSTREAM_BUFFER_RECEIVE( xStreamBuffer, xReceivedLength )            SEGGER_SYSVIEW_RecordU32x2(apiID_OFFSET + apiID_XSTREAMBUFFERRECEIVE, (U32)xStreamBuffer, (U32)xReceivedLength)
      | 
In file included from C:/STM32/RTOS/RTOS_workspace/common/ThirdParty/SEGGER/OS/SEGGER_SYSVIEW_FreeRTOS.c:54:
C:/STM32/RTOS/RTOS_workspace/common/ThirdParty/FreeRTOS/include/FreeRTOS.h:772: note: this is the location of the previous definition
  772 |     #define traceSTREAM_BUFFER_RECEIVE( xStreamBuffer, xReceivedLength )
      | 
In file included from C:/STM32/RTOS/RTOS_workspace/common/ThirdParty/SEGGER/OS/SEGGER_SYSVIEW_FreeRTOS.c:57:
C:/STM32/RTOS/RTOS_workspace/common/ThirdParty/SEGGER/OS/SEGGER_SYSVIEW_FreeRTOS.h:236: warning: "traceSTREAM_BUFFER_RECEIVE_FAILED" redefined
  236 | #define traceSTREAM_BUFFER_RECEIVE_FAILED( xStreamBuffer )                      SEGGER_SYSVIEW_RecordU32x2(apiID_OFFSET + apiID_XSTREAMBUFFERRECEIVE, (U32)xStreamBuffer, 0u)
      | 
In file included from C:/STM32/RTOS/RTOS_workspace/common/ThirdParty/SEGGER/OS/SEGGER_SYSVIEW_FreeRTOS.c:54:
C:/STM32/RTOS/RTOS_workspace/common/ThirdParty/FreeRTOS/include/FreeRTOS.h:776: note: this is the location of the previous definition
  776 |     #define traceSTREAM_BUFFER_RECEIVE_FAILED( xStreamBuffer )
      | 
In file included from C:/STM32/RTOS/RTOS_workspace/common/ThirdParty/SEGGER/OS/SEGGER_SYSVIEW_FreeRTOS.c:57:
C:/STM32/RTOS/RTOS_workspace/common/ThirdParty/SEGGER/OS/SEGGER_SYSVIEW_FreeRTOS.h:237: warning: "traceSTREAM_BUFFER_RECEIVE_FROM_ISR" redefined
  237 | #define traceSTREAM_BUFFER_RECEIVE_FROM_ISR( xStreamBuffer, xReceivedLength )   SEGGER_SYSVIEW_RecordU32x2(apiID_OFFSET + apiID_XSTREAMBUFFERRECEIVEFROMISR, (U32)xStreamBuffer, (U32)xReceivedLength)
      | 
In file included from C:/STM32/RTOS/RTOS_workspace/common/ThirdParty/SEGGER/OS/SEGGER_SYSVIEW_FreeRTOS.c:54:
C:/STM32/RTOS/RTOS_workspace/common/ThirdParty/FreeRTOS/include/FreeRTOS.h:780: note: this is the location of the previous definition
arm-none-eabi-gcc "../Drivers/STM32F4xx_HAL_Driver/Src/stm32f4xx_hal.c" -mcpu=cortex-m4 -std=gnu11 -g3 -DDEBUG -DUSE_HAL_DRIVER -DSTM32F407xx -c -I../Core/Inc -I../Drivers/STM32F4xx_HAL_Driver/Inc -I../Drivers/STM32F4xx_HAL_Driver/Inc/Legacy -I../Drivers/CMSIS/Device/ST/STM32F4xx/Include -I../Drivers/CMSIS/Include -I"C:/STM32/RTOS/RTOS_workspace/common/ThirdParty/FreeRTOS/include" -I"C:/STM32/RTOS/RTOS_workspace/common/ThirdParty/FreeRTOS/portable/GCC/ARM_CM4F" -I"C:/STM32/RTOS/RTOS_workspace/common/ThirdParty/SEGGER/Config" -I"C:/STM32/RTOS/RTOS_workspace/common/ThirdParty/SEGGER/OS" -I"C:/STM32/RTOS/RTOS_workspace/common/ThirdParty/SEGGER/SEGGER" -I"D:/Workspace/RTOS_workspace/common/ThirdParty/FreeRTOS/include" -I"D:/Workspace/RTOS_workspace/common/ThirdParty/FreeRTOS/portable/GCC/ARM_CM4F" -I"D:/Workspace/RTOS_workspace/common/ThirdParty/SEGGER/Config" -I"D:/Workspace/RTOS_workspace/common/ThirdParty/SEGGER/OS" -I"D:/Workspace/RTOS_workspace/common/ThirdParty/SEGGER/SEGGER" -O0 -ffunction-sections -fdata-sections -Wall -fstack-usage -MMD -MP -MF"Drivers/STM32F4xx_HAL_Driver/Src/stm32f4xx_hal.d" -MT"Drivers/STM32F4xx_HAL_Driver/Src/stm32f4xx_hal.o" --specs=nano.specs -mfpu=fpv4-sp-d16 -mfloat-abi=hard -mthumb -o "Drivers/STM32F4xx_HAL_Driver/Src/stm32f4xx_hal.o"
  780 |     #define traceSTREAM_BUFFER_RECEIVE_FROM_ISR( xStreamBuffer, xReceivedLength )
      | 
In file included from C:/STM32/RTOS/RTOS_workspace/common/ThirdParty/SEGGER/OS/SEGGER_SYSVIEW_FreeRTOS.c:57:
C:/STM32/RTOS/RTOS_workspace/common/ThirdParty/SEGGER/OS/SEGGER_SYSVIEW_FreeRTOS.h:240: warning: "traceTASK_DELETE" redefined
  240 | #define traceTASK_DELETE( pxTCB )                   {                                                                                                   \
      | 
In file included from C:/STM32/RTOS/RTOS_workspace/common/ThirdParty/SEGGER/OS/SEGGER_SYSVIEW_FreeRTOS.c:54:
C:/STM32/RTOS/RTOS_workspace/common/ThirdParty/FreeRTOS/include/FreeRTOS.h:576: note: this is the location of the previous definition
  576 |     #define traceTASK_DELETE( pxTaskToDelete )
      | 
In file included from C:/STM32/RTOS/RTOS_workspace/common/ThirdParty/SEGGER/OS/SEGGER_SYSVIEW_FreeRTOS.c:57:
C:/STM32/RTOS/RTOS_workspace/common/ThirdParty/SEGGER/OS/SEGGER_SYSVIEW_FreeRTOS.h:247: warning: "traceTASK_CREATE" redefined
  247 | #define traceTASK_CREATE(pxNewTCB)                  if (pxNewTCB != NULL) {                                             \
      | 
In file included from C:/STM32/RTOS/RTOS_workspace/common/ThirdParty/SEGGER/OS/SEGGER_SYSVIEW_FreeRTOS.c:54:
C:/STM32/RTOS/RTOS_workspace/common/ThirdParty/FreeRTOS/include/FreeRTOS.h:568: note: this is the location of the previous definition
arm-none-eabi-gcc "../Drivers/STM32F4xx_HAL_Driver/Src/stm32f4xx_hal_cortex.c" -mcpu=cortex-m4 -std=gnu11 -g3 -DDEBUG -DUSE_HAL_DRIVER -DSTM32F407xx -c -I../Core/Inc -I../Drivers/STM32F4xx_HAL_Driver/Inc -I../Drivers/STM32F4xx_HAL_Driver/Inc/Legacy -I../Drivers/CMSIS/Device/ST/STM32F4xx/Include -I../Drivers/CMSIS/Include -I"C:/STM32/RTOS/RTOS_workspace/common/ThirdParty/FreeRTOS/include" -I"C:/STM32/RTOS/RTOS_workspace/common/ThirdParty/FreeRTOS/portable/GCC/ARM_CM4F" -I"C:/STM32/RTOS/RTOS_workspace/common/ThirdParty/SEGGER/Config" -I"C:/STM32/RTOS/RTOS_workspace/common/ThirdParty/SEGGER/OS" -I"C:/STM32/RTOS/RTOS_workspace/common/ThirdParty/SEGGER/SEGGER" -I"D:/Workspace/RTOS_workspace/common/ThirdParty/FreeRTOS/include" -I"D:/Workspace/RTOS_workspace/common/ThirdParty/FreeRTOS/portable/GCC/ARM_CM4F" -I"D:/Workspace/RTOS_workspace/common/ThirdParty/SEGGER/Config" -I"D:/Workspace/RTOS_workspace/common/ThirdParty/SEGGER/OS" -I"D:/Workspace/RTOS_workspace/common/ThirdParty/SEGGER/SEGGER" -O0 -ffunction-sections -fdata-sections -Wall -fstack-usage -MMD -MP -MF"Drivers/STM32F4xx_HAL_Driver/Src/stm32f4xx_hal_cortex.d" -MT"Drivers/STM32F4xx_HAL_Driver/Src/stm32f4xx_hal_cortex.o" --specs=nano.specs -mfpu=fpv4-sp-d16 -mfloat-abi=hard -mthumb -o "Drivers/STM32F4xx_HAL_Driver/Src/stm32f4xx_hal_cortex.o"
  568 |     #define traceTASK_CREATE( pxNewTCB )
      | 
In file included from C:/STM32/RTOS/RTOS_workspace/common/ThirdParty/SEGGER/OS/SEGGER_SYSVIEW_FreeRTOS.c:57:
C:/STM32/RTOS/RTOS_workspace/common/ThirdParty/SEGGER/OS/SEGGER_SYSVIEW_FreeRTOS.h:267: warning: "traceTASK_PRIORITY_SET" redefined
  267 | #define traceTASK_PRIORITY_SET(pxTask, uxNewPriority) {                                                                 \
      | 
arm-none-eabi-gcc "../Drivers/STM32F4xx_HAL_Driver/Src/stm32f4xx_hal_dma.c" -mcpu=cortex-m4 -std=gnu11 -g3 -DDEBUG -DUSE_HAL_DRIVER -DSTM32F407xx -c -I../Core/Inc -I../Drivers/STM32F4xx_HAL_Driver/Inc -I../Drivers/STM32F4xx_HAL_Driver/Inc/Legacy -I../Drivers/CMSIS/Device/ST/STM32F4xx/Include -I../Drivers/CMSIS/Include -I"C:/STM32/RTOS/RTOS_workspace/common/ThirdParty/FreeRTOS/include" -I"C:/STM32/RTOS/RTOS_workspace/common/ThirdParty/FreeRTOS/portable/GCC/ARM_CM4F" -I"C:/STM32/RTOS/RTOS_workspace/common/ThirdParty/SEGGER/Config" -I"C:/STM32/RTOS/RTOS_workspace/common/ThirdParty/SEGGER/OS" -I"C:/STM32/RTOS/RTOS_workspace/common/ThirdParty/SEGGER/SEGGER" -I"D:/Workspace/RTOS_workspace/common/ThirdParty/FreeRTOS/include" -I"D:/Workspace/RTOS_workspace/common/ThirdParty/FreeRTOS/portable/GCC/ARM_CM4F" -I"D:/Workspace/RTOS_workspace/common/ThirdParty/SEGGER/Config" -I"D:/Workspace/RTOS_workspace/common/ThirdParty/SEGGER/OS" -I"D:/Workspace/RTOS_workspace/common/ThirdParty/SEGGER/SEGGER" -O0 -ffunction-sections -fdata-sections -Wall -fstack-usage -MMD -MP -MF"Drivers/STM32F4xx_HAL_Driver/Src/stm32f4xx_hal_dma.d" -MT"Drivers/STM32F4xx_HAL_Driver/Src/stm32f4xx_hal_dma.o" --specs=nano.specs -mfpu=fpv4-sp-d16 -mfloat-abi=hard -mthumb -o "Drivers/STM32F4xx_HAL_Driver/Src/stm32f4xx_hal_dma.o"
In file included from C:/STM32/RTOS/RTOS_workspace/common/ThirdParty/SEGGER/OS/SEGGER_SYSVIEW_FreeRTOS.c:54:
C:/STM32/RTOS/RTOS_workspace/common/ThirdParty/FreeRTOS/include/FreeRTOS.h:588: note: this is the location of the previous definition
  588 |     #define traceTASK_PRIORITY_SET( pxTask, uxNewPriority )
      | 
In file included from C:/STM32/RTOS/RTOS_workspace/common/ThirdParty/SEGGER/OS/SEGGER_SYSVIEW_FreeRTOS.c:57:
C:/STM32/RTOS/RTOS_workspace/common/ThirdParty/SEGGER/OS/SEGGER_SYSVIEW_FreeRTOS.h:283: warning: "traceTASK_SWITCHED_IN" redefined
  283 |   #define traceTASK_SWITCHED_IN()                   if(prvGetTCBFromHandle(NULL) == xIdleTaskHandle) {                  \
      | 
arm-none-eabi-gcc "../Drivers/STM32F4xx_HAL_Driver/Src/stm32f4xx_hal_dma_ex.c" -mcpu=cortex-m4 -std=gnu11 -g3 -DDEBUG -DUSE_HAL_DRIVER -DSTM32F407xx -c -I../Core/Inc -I../Drivers/STM32F4xx_HAL_Driver/Inc -I../Drivers/STM32F4xx_HAL_Driver/Inc/Legacy -I../Drivers/CMSIS/Device/ST/STM32F4xx/Include -I../Drivers/CMSIS/Include -I"C:/STM32/RTOS/RTOS_workspace/common/ThirdParty/FreeRTOS/include" -I"C:/STM32/RTOS/RTOS_workspace/common/ThirdParty/FreeRTOS/portable/GCC/ARM_CM4F" -I"C:/STM32/RTOS/RTOS_workspace/common/ThirdParty/SEGGER/Config" -I"C:/STM32/RTOS/RTOS_workspace/common/ThirdParty/SEGGER/OS" -I"C:/STM32/RTOS/RTOS_workspace/common/ThirdParty/SEGGER/SEGGER" -I"D:/Workspace/RTOS_workspace/common/ThirdParty/FreeRTOS/include" -I"D:/Workspace/RTOS_workspace/common/ThirdParty/FreeRTOS/portable/GCC/ARM_CM4F" -I"D:/Workspace/RTOS_workspace/common/ThirdParty/SEGGER/Config" -I"D:/Workspace/RTOS_workspace/common/ThirdParty/SEGGER/OS" -I"D:/Workspace/RTOS_workspace/common/ThirdParty/SEGGER/SEGGER" -O0 -ffunction-sections -fdata-sections -Wall -fstack-usage -MMD -MP -MF"Drivers/STM32F4xx_HAL_Driver/Src/stm32f4xx_hal_dma_ex.d" -MT"Drivers/STM32F4xx_HAL_Driver/Src/stm32f4xx_hal_dma_ex.o" --specs=nano.specs -mfpu=fpv4-sp-d16 -mfloat-abi=hard -mthumb -o "Drivers/STM32F4xx_HAL_Driver/Src/stm32f4xx_hal_dma_ex.o"
In file included from C:/STM32/RTOS/RTOS_workspace/common/ThirdParty/SEGGER/OS/SEGGER_SYSVIEW_FreeRTOS.c:54:
C:/STM32/RTOS/RTOS_workspace/common/ThirdParty/FreeRTOS/include/FreeRTOS.h:360: note: this is the location of the previous definition
  360 |     #define traceTASK_SWITCHED_IN()
      | 
In file included from C:/STM32/RTOS/RTOS_workspace/common/ThirdParty/SEGGER/OS/SEGGER_SYSVIEW_FreeRTOS.c:57:
C:/STM32/RTOS/RTOS_workspace/common/ThirdParty/SEGGER/OS/SEGGER_SYSVIEW_FreeRTOS.h:298: warning: "traceMOVED_TASK_TO_READY_STATE" redefined
  298 | #define traceMOVED_TASK_TO_READY_STATE(pxTCB)       SEGGER_SYSVIEW_OnTaskStartReady((U32)pxTCB)
      | 
In file included from C:/STM32/RTOS/RTOS_workspace/common/ThirdParty/SEGGER/OS/SEGGER_SYSVIEW_FreeRTOS.c:54:
C:/STM32/RTOS/RTOS_workspace/common/ThirdParty/FreeRTOS/include/FreeRTOS.h:448: note: this is the location of the previous definition
  448 |     #define traceMOVED_TASK_TO_READY_STATE( pxTCB )
      | 
In file included from C:/STM32/RTOS/RTOS_workspace/common/ThirdParty/SEGGER/OS/SEGGER_SYSVIEW_FreeRTOS.c:57:
C:/STM32/RTOS/RTOS_workspace/common/ThirdParty/SEGGER/OS/SEGGER_SYSVIEW_FreeRTOS.h:299: warning: "traceREADDED_TASK_TO_READY_STATE" redefined
  299 | #define traceREADDED_TASK_TO_READY_STATE(pxTCB)
      | 
In file included from C:/STM32/RTOS/RTOS_workspace/common/ThirdParty/SEGGER/OS/SEGGER_SYSVIEW_FreeRTOS.c:54:
C:/STM32/RTOS/RTOS_workspace/common/ThirdParty/FreeRTOS/include/FreeRTOS.h:456: note: this is the location of the previous definition
  456 |  #define traceREADDED_TASK_TO_READY_STATE( pxTCB ) traceMOVED_TASK_TO_READY_STATE( pxTCB )
      | 
In file included from C:/STM32/RTOS/RTOS_workspace/common/ThirdParty/SEGGER/OS/SEGGER_SYSVIEW_FreeRTOS.c:57:
C:/STM32/RTOS/RTOS_workspace/common/ThirdParty/SEGGER/OS/SEGGER_SYSVIEW_FreeRTOS.h:301: warning: "traceMOVED_TASK_TO_DELAYED_LIST" redefined
  301 | #define traceMOVED_TASK_TO_DELAYED_LIST()           SEGGER_SYSVIEW_OnTaskStopReady((U32)pxCurrentTCB,  (1u << 2))
      | 
In file included from C:/STM32/RTOS/RTOS_workspace/common/ThirdParty/SEGGER/OS/SEGGER_SYSVIEW_FreeRTOS.c:54:
C:/STM32/RTOS/RTOS_workspace/common/ThirdParty/FreeRTOS/include/FreeRTOS.h:460: note: this is the location of the previous definition
  460 |  #define traceMOVED_TASK_TO_DELAYED_LIST()
      | 
In file included from C:/STM32/RTOS/RTOS_workspace/common/ThirdParty/SEGGER/OS/SEGGER_SYSVIEW_FreeRTOS.c:57:
C:/STM32/RTOS/RTOS_workspace/common/ThirdParty/SEGGER/OS/SEGGER_SYSVIEW_FreeRTOS.h:302: warning: "traceMOVED_TASK_TO_OVERFLOW_DELAYED_LIST" redefined
  302 | #define traceMOVED_TASK_TO_OVERFLOW_DELAYED_LIST()  SEGGER_SYSVIEW_OnTaskStopReady((U32)pxCurrentTCB,  (1u << 2))
      | 
In file included from C:/STM32/RTOS/RTOS_workspace/common/ThirdParty/SEGGER/OS/SEGGER_SYSVIEW_FreeRTOS.c:54:
C:/STM32/RTOS/RTOS_workspace/common/ThirdParty/FreeRTOS/include/FreeRTOS.h:464: note: this is the location of the previous definition
  464 |  #define traceMOVED_TASK_TO_OVERFLOW_DELAYED_LIST()
      | 
arm-none-eabi-gcc "../Drivers/STM32F4xx_HAL_Driver/Src/stm32f4xx_hal_exti.c" -mcpu=cortex-m4 -std=gnu11 -g3 -DDEBUG -DUSE_HAL_DRIVER -DSTM32F407xx -c -I../Core/Inc -I../Drivers/STM32F4xx_HAL_Driver/Inc -I../Drivers/STM32F4xx_HAL_Driver/Inc/Legacy -I../Drivers/CMSIS/Device/ST/STM32F4xx/Include -I../Drivers/CMSIS/Include -I"C:/STM32/RTOS/RTOS_workspace/common/ThirdParty/FreeRTOS/include" -I"C:/STM32/RTOS/RTOS_workspace/common/ThirdParty/FreeRTOS/portable/GCC/ARM_CM4F" -I"C:/STM32/RTOS/RTOS_workspace/common/ThirdParty/SEGGER/Config" -I"C:/STM32/RTOS/RTOS_workspace/common/ThirdParty/SEGGER/OS" -I"C:/STM32/RTOS/RTOS_workspace/common/ThirdParty/SEGGER/SEGGER" -I"D:/Workspace/RTOS_workspace/common/ThirdParty/FreeRTOS/include" -I"D:/Workspace/RTOS_workspace/common/ThirdParty/FreeRTOS/portable/GCC/ARM_CM4F" -I"D:/Workspace/RTOS_workspace/common/ThirdParty/SEGGER/Config" -I"D:/Workspace/RTOS_workspace/common/ThirdParty/SEGGER/OS" -I"D:/Workspace/RTOS_workspace/common/ThirdParty/SEGGER/SEGGER" -O0 -ffunction-sections -fdata-sections -Wall -fstack-usage -MMD -MP -MF"Drivers/STM32F4xx_HAL_Driver/Src/stm32f4xx_hal_exti.d" -MT"Drivers/STM32F4xx_HAL_Driver/Src/stm32f4xx_hal_exti.o" --specs=nano.specs -mfpu=fpv4-sp-d16 -mfloat-abi=hard -mthumb -o "Drivers/STM32F4xx_HAL_Driver/Src/stm32f4xx_hal_exti.o"
In file included from C:/STM32/RTOS/RTOS_workspace/common/ThirdParty/SEGGER/OS/SEGGER_SYSVIEW_FreeRTOS.c:57:
C:/STM32/RTOS/RTOS_workspace/common/ThirdParty/SEGGER/OS/SEGGER_SYSVIEW_FreeRTOS.h:303: warning: "traceMOVED_TASK_TO_SUSPENDED_LIST" redefined
  303 | #define traceMOVED_TASK_TO_SUSPENDED_LIST(pxTCB)    SEGGER_SYSVIEW_OnTaskStopReady((U32)pxTCB,         ((3u << 3) | 3))
      | 
In file included from C:/STM32/RTOS/RTOS_workspace/common/ThirdParty/SEGGER/OS/SEGGER_SYSVIEW_FreeRTOS.c:54:
C:/STM32/RTOS/RTOS_workspace/common/ThirdParty/FreeRTOS/include/FreeRTOS.h:468: note: this is the location of the previous definition
  468 |  #define traceMOVED_TASK_TO_SUSPENDED_LIST( pxTCB )
      | 
In file included from C:/STM32/RTOS/RTOS_workspace/common/ThirdParty/SEGGER/OS/SEGGER_SYSVIEW_FreeRTOS.c:57:
C:/STM32/RTOS/RTOS_workspace/common/ThirdParty/SEGGER/OS/SEGGER_SYSVIEW_FreeRTOS.h:306: warning: "traceISR_EXIT_TO_SCHEDULER" redefined
  306 | #define traceISR_EXIT_TO_SCHEDULER()                SEGGER_SYSVIEW_RecordExitISRToScheduler()
      | 
In file included from C:/STM32/RTOS/RTOS_workspace/common/ThirdParty/SEGGER/OS/SEGGER_SYSVIEW_FreeRTOS.c:54:
C:/STM32/RTOS/RTOS_workspace/common/ThirdParty/FreeRTOS/include/FreeRTOS.h:720: note: this is the location of the previous definition
  720 |  #define traceISR_EXIT_TO_SCHEDULER()
      | 
In file included from C:/STM32/RTOS/RTOS_workspace/common/ThirdParty/SEGGER/OS/SEGGER_SYSVIEW_FreeRTOS.c:57:
C:/STM32/RTOS/RTOS_workspace/common/ThirdParty/SEGGER/OS/SEGGER_SYSVIEW_FreeRTOS.h:307: warning: "traceISR_EXIT" redefined
  307 | #define traceISR_EXIT()                             SEGGER_SYSVIEW_RecordExitISR()
      | 
In file included from C:/STM32/RTOS/RTOS_workspace/common/ThirdParty/SEGGER/OS/SEGGER_SYSVIEW_FreeRTOS.c:54:
C:/STM32/RTOS/RTOS_workspace/common/ThirdParty/FreeRTOS/include/FreeRTOS.h:724: note: this is the location of the previous definition
  724 |  #define traceISR_EXIT()
      | 
In file included from C:/STM32/RTOS/RTOS_workspace/common/ThirdParty/SEGGER/OS/SEGGER_SYSVIEW_FreeRTOS.c:57:
C:/STM32/RTOS/RTOS_workspace/common/ThirdParty/SEGGER/OS/SEGGER_SYSVIEW_FreeRTOS.h:308: warning: "traceISR_ENTER" redefined
  308 | #define traceISR_ENTER()                            SEGGER_SYSVIEW_RecordEnterISR()
      | 
In file included from C:/STM32/RTOS/RTOS_workspace/common/ThirdParty/SEGGER/OS/SEGGER_SYSVIEW_FreeRTOS.c:54:
C:/STM32/RTOS/RTOS_workspace/common/ThirdParty/FreeRTOS/include/FreeRTOS.h:728: note: this is the location of the previous definition
  728 |  #define traceISR_ENTER()
      | 
arm-none-eabi-gcc "../Drivers/STM32F4xx_HAL_Driver/Src/stm32f4xx_hal_flash.c" -mcpu=cortex-m4 -std=gnu11 -g3 -DDEBUG -DUSE_HAL_DRIVER -DSTM32F407xx -c -I../Core/Inc -I../Drivers/STM32F4xx_HAL_Driver/Inc -I../Drivers/STM32F4xx_HAL_Driver/Inc/Legacy -I../Drivers/CMSIS/Device/ST/STM32F4xx/Include -I../Drivers/CMSIS/Include -I"C:/STM32/RTOS/RTOS_workspace/common/ThirdParty/FreeRTOS/include" -I"C:/STM32/RTOS/RTOS_workspace/common/ThirdParty/FreeRTOS/portable/GCC/ARM_CM4F" -I"C:/STM32/RTOS/RTOS_workspace/common/ThirdParty/SEGGER/Config" -I"C:/STM32/RTOS/RTOS_workspace/common/ThirdParty/SEGGER/OS" -I"C:/STM32/RTOS/RTOS_workspace/common/ThirdParty/SEGGER/SEGGER" -I"D:/Workspace/RTOS_workspace/common/ThirdParty/FreeRTOS/include" -I"D:/Workspace/RTOS_workspace/common/ThirdParty/FreeRTOS/portable/GCC/ARM_CM4F" -I"D:/Workspace/RTOS_workspace/common/ThirdParty/SEGGER/Config" -I"D:/Workspace/RTOS_workspace/common/ThirdParty/SEGGER/OS" -I"D:/Workspace/RTOS_workspace/common/ThirdParty/SEGGER/SEGGER" -O0 -ffunction-sections -fdata-sections -Wall -fstack-usage -MMD -MP -MF"Drivers/STM32F4xx_HAL_Driver/Src/stm32f4xx_hal_flash.d" -MT"Drivers/STM32F4xx_HAL_Driver/Src/stm32f4xx_hal_flash.o" --specs=nano.specs -mfpu=fpv4-sp-d16 -mfloat-abi=hard -mthumb -o "Drivers/STM32F4xx_HAL_Driver/Src/stm32f4xx_hal_flash.o"
arm-none-eabi-gcc "../Drivers/STM32F4xx_HAL_Driver/Src/stm32f4xx_hal_flash_ex.c" -mcpu=cortex-m4 -std=gnu11 -g3 -DDEBUG -DUSE_HAL_DRIVER -DSTM32F407xx -c -I../Core/Inc -I../Drivers/STM32F4xx_HAL_Driver/Inc -I../Drivers/STM32F4xx_HAL_Driver/Inc/Legacy -I../Drivers/CMSIS/Device/ST/STM32F4xx/Include -I../Drivers/CMSIS/Include -I"C:/STM32/RTOS/RTOS_workspace/common/ThirdParty/FreeRTOS/include" -I"C:/STM32/RTOS/RTOS_workspace/common/ThirdParty/FreeRTOS/portable/GCC/ARM_CM4F" -I"C:/STM32/RTOS/RTOS_workspace/common/ThirdParty/SEGGER/Config" -I"C:/STM32/RTOS/RTOS_workspace/common/ThirdParty/SEGGER/OS" -I"C:/STM32/RTOS/RTOS_workspace/common/ThirdParty/SEGGER/SEGGER" -I"D:/Workspace/RTOS_workspace/common/ThirdParty/FreeRTOS/include" -I"D:/Workspace/RTOS_workspace/common/ThirdParty/FreeRTOS/portable/GCC/ARM_CM4F" -I"D:/Workspace/RTOS_workspace/common/ThirdParty/SEGGER/Config" -I"D:/Workspace/RTOS_workspace/common/ThirdParty/SEGGER/OS" -I"D:/Workspace/RTOS_workspace/common/ThirdParty/SEGGER/SEGGER" -O0 -ffunction-sections -fdata-sections -Wall -fstack-usage -MMD -MP -MF"Drivers/STM32F4xx_HAL_Driver/Src/stm32f4xx_hal_flash_ex.d" -MT"Drivers/STM32F4xx_HAL_Driver/Src/stm32f4xx_hal_flash_ex.o" --specs=nano.specs -mfpu=fpv4-sp-d16 -mfloat-abi=hard -mthumb -o "Drivers/STM32F4xx_HAL_Driver/Src/stm32f4xx_hal_flash_ex.o"
arm-none-eabi-gcc "../Drivers/STM32F4xx_HAL_Driver/Src/stm32f4xx_hal_flash_ramfunc.c" -mcpu=cortex-m4 -std=gnu11 -g3 -DDEBUG -DUSE_HAL_DRIVER -DSTM32F407xx -c -I../Core/Inc -I../Drivers/STM32F4xx_HAL_Driver/Inc -I../Drivers/STM32F4xx_HAL_Driver/Inc/Legacy -I../Drivers/CMSIS/Device/ST/STM32F4xx/Include -I../Drivers/CMSIS/Include -I"C:/STM32/RTOS/RTOS_workspace/common/ThirdParty/FreeRTOS/include" -I"C:/STM32/RTOS/RTOS_workspace/common/ThirdParty/FreeRTOS/portable/GCC/ARM_CM4F" -I"C:/STM32/RTOS/RTOS_workspace/common/ThirdParty/SEGGER/Config" -I"C:/STM32/RTOS/RTOS_workspace/common/ThirdParty/SEGGER/OS" -I"C:/STM32/RTOS/RTOS_workspace/common/ThirdParty/SEGGER/SEGGER" -I"D:/Workspace/RTOS_workspace/common/ThirdParty/FreeRTOS/include" -I"D:/Workspace/RTOS_workspace/common/ThirdParty/FreeRTOS/portable/GCC/ARM_CM4F" -I"D:/Workspace/RTOS_workspace/common/ThirdParty/SEGGER/Config" -I"D:/Workspace/RTOS_workspace/common/ThirdParty/SEGGER/OS" -I"D:/Workspace/RTOS_workspace/common/ThirdParty/SEGGER/SEGGER" -O0 -ffunction-sections -fdata-sections -Wall -fstack-usage -MMD -MP -MF"Drivers/STM32F4xx_HAL_Driver/Src/stm32f4xx_hal_flash_ramfunc.d" -MT"Drivers/STM32F4xx_HAL_Driver/Src/stm32f4xx_hal_flash_ramfunc.o" --specs=nano.specs -mfpu=fpv4-sp-d16 -mfloat-abi=hard -mthumb -o "Drivers/STM32F4xx_HAL_Driver/Src/stm32f4xx_hal_flash_ramfunc.o"
arm-none-eabi-gcc "../Drivers/STM32F4xx_HAL_Driver/Src/stm32f4xx_hal_gpio.c" -mcpu=cortex-m4 -std=gnu11 -g3 -DDEBUG -DUSE_HAL_DRIVER -DSTM32F407xx -c -I../Core/Inc -I../Drivers/STM32F4xx_HAL_Driver/Inc -I../Drivers/STM32F4xx_HAL_Driver/Inc/Legacy -I../Drivers/CMSIS/Device/ST/STM32F4xx/Include -I../Drivers/CMSIS/Include -I"C:/STM32/RTOS/RTOS_workspace/common/ThirdParty/FreeRTOS/include" -I"C:/STM32/RTOS/RTOS_workspace/common/ThirdParty/FreeRTOS/portable/GCC/ARM_CM4F" -I"C:/STM32/RTOS/RTOS_workspace/common/ThirdParty/SEGGER/Config" -I"C:/STM32/RTOS/RTOS_workspace/common/ThirdParty/SEGGER/OS" -I"C:/STM32/RTOS/RTOS_workspace/common/ThirdParty/SEGGER/SEGGER" -I"D:/Workspace/RTOS_workspace/common/ThirdParty/FreeRTOS/include" -I"D:/Workspace/RTOS_workspace/common/ThirdParty/FreeRTOS/portable/GCC/ARM_CM4F" -I"D:/Workspace/RTOS_workspace/common/ThirdParty/SEGGER/Config" -I"D:/Workspace/RTOS_workspace/common/ThirdParty/SEGGER/OS" -I"D:/Workspace/RTOS_workspace/common/ThirdParty/SEGGER/SEGGER" -O0 -ffunction-sections -fdata-sections -Wall -fstack-usage -MMD -MP -MF"Drivers/STM32F4xx_HAL_Driver/Src/stm32f4xx_hal_gpio.d" -MT"Drivers/STM32F4xx_HAL_Driver/Src/stm32f4xx_hal_gpio.o" --specs=nano.specs -mfpu=fpv4-sp-d16 -mfloat-abi=hard -mthumb -o "Drivers/STM32F4xx_HAL_Driver/Src/stm32f4xx_hal_gpio.o"
arm-none-eabi-gcc "../Drivers/STM32F4xx_HAL_Driver/Src/stm32f4xx_hal_pwr.c" -mcpu=cortex-m4 -std=gnu11 -g3 -DDEBUG -DUSE_HAL_DRIVER -DSTM32F407xx -c -I../Core/Inc -I../Drivers/STM32F4xx_HAL_Driver/Inc -I../Drivers/STM32F4xx_HAL_Driver/Inc/Legacy -I../Drivers/CMSIS/Device/ST/STM32F4xx/Include -I../Drivers/CMSIS/Include -I"C:/STM32/RTOS/RTOS_workspace/common/ThirdParty/FreeRTOS/include" -I"C:/STM32/RTOS/RTOS_workspace/common/ThirdParty/FreeRTOS/portable/GCC/ARM_CM4F" -I"C:/STM32/RTOS/RTOS_workspace/common/ThirdParty/SEGGER/Config" -I"C:/STM32/RTOS/RTOS_workspace/common/ThirdParty/SEGGER/OS" -I"C:/STM32/RTOS/RTOS_workspace/common/ThirdParty/SEGGER/SEGGER" -I"D:/Workspace/RTOS_workspace/common/ThirdParty/FreeRTOS/include" -I"D:/Workspace/RTOS_workspace/common/ThirdParty/FreeRTOS/portable/GCC/ARM_CM4F" -I"D:/Workspace/RTOS_workspace/common/ThirdParty/SEGGER/Config" -I"D:/Workspace/RTOS_workspace/common/ThirdParty/SEGGER/OS" -I"D:/Workspace/RTOS_workspace/common/ThirdParty/SEGGER/SEGGER" -O0 -ffunction-sections -fdata-sections -Wall -fstack-usage -MMD -MP -MF"Drivers/STM32F4xx_HAL_Driver/Src/stm32f4xx_hal_pwr.d" -MT"Drivers/STM32F4xx_HAL_Driver/Src/stm32f4xx_hal_pwr.o" --specs=nano.specs -mfpu=fpv4-sp-d16 -mfloat-abi=hard -mthumb -o "Drivers/STM32F4xx_HAL_Driver/Src/stm32f4xx_hal_pwr.o"
arm-none-eabi-gcc "../Drivers/STM32F4xx_HAL_Driver/Src/stm32f4xx_hal_pwr_ex.c" -mcpu=cortex-m4 -std=gnu11 -g3 -DDEBUG -DUSE_HAL_DRIVER -DSTM32F407xx -c -I../Core/Inc -I../Drivers/STM32F4xx_HAL_Driver/Inc -I../Drivers/STM32F4xx_HAL_Driver/Inc/Legacy -I../Drivers/CMSIS/Device/ST/STM32F4xx/Include -I../Drivers/CMSIS/Include -I"C:/STM32/RTOS/RTOS_workspace/common/ThirdParty/FreeRTOS/include" -I"C:/STM32/RTOS/RTOS_workspace/common/ThirdParty/FreeRTOS/portable/GCC/ARM_CM4F" -I"C:/STM32/RTOS/RTOS_workspace/common/ThirdParty/SEGGER/Config" -I"C:/STM32/RTOS/RTOS_workspace/common/ThirdParty/SEGGER/OS" -I"C:/STM32/RTOS/RTOS_workspace/common/ThirdParty/SEGGER/SEGGER" -I"D:/Workspace/RTOS_workspace/common/ThirdParty/FreeRTOS/include" -I"D:/Workspace/RTOS_workspace/common/ThirdParty/FreeRTOS/portable/GCC/ARM_CM4F" -I"D:/Workspace/RTOS_workspace/common/ThirdParty/SEGGER/Config" -I"D:/Workspace/RTOS_workspace/common/ThirdParty/SEGGER/OS" -I"D:/Workspace/RTOS_workspace/common/ThirdParty/SEGGER/SEGGER" -O0 -ffunction-sections -fdata-sections -Wall -fstack-usage -MMD -MP -MF"Drivers/STM32F4xx_HAL_Driver/Src/stm32f4xx_hal_pwr_ex.d" -MT"Drivers/STM32F4xx_HAL_Driver/Src/stm32f4xx_hal_pwr_ex.o" --specs=nano.specs -mfpu=fpv4-sp-d16 -mfloat-abi=hard -mthumb -o "Drivers/STM32F4xx_HAL_Driver/Src/stm32f4xx_hal_pwr_ex.o"
arm-none-eabi-gcc "../Drivers/STM32F4xx_HAL_Driver/Src/stm32f4xx_hal_rcc.c" -mcpu=cortex-m4 -std=gnu11 -g3 -DDEBUG -DUSE_HAL_DRIVER -DSTM32F407xx -c -I../Core/Inc -I../Drivers/STM32F4xx_HAL_Driver/Inc -I../Drivers/STM32F4xx_HAL_Driver/Inc/Legacy -I../Drivers/CMSIS/Device/ST/STM32F4xx/Include -I../Drivers/CMSIS/Include -I"C:/STM32/RTOS/RTOS_workspace/common/ThirdParty/FreeRTOS/include" -I"C:/STM32/RTOS/RTOS_workspace/common/ThirdParty/FreeRTOS/portable/GCC/ARM_CM4F" -I"C:/STM32/RTOS/RTOS_workspace/common/ThirdParty/SEGGER/Config" -I"C:/STM32/RTOS/RTOS_workspace/common/ThirdParty/SEGGER/OS" -I"C:/STM32/RTOS/RTOS_workspace/common/ThirdParty/SEGGER/SEGGER" -I"D:/Workspace/RTOS_workspace/common/ThirdParty/FreeRTOS/include" -I"D:/Workspace/RTOS_workspace/common/ThirdParty/FreeRTOS/portable/GCC/ARM_CM4F" -I"D:/Workspace/RTOS_workspace/common/ThirdParty/SEGGER/Config" -I"D:/Workspace/RTOS_workspace/common/ThirdParty/SEGGER/OS" -I"D:/Workspace/RTOS_workspace/common/ThirdParty/SEGGER/SEGGER" -O0 -ffunction-sections -fdata-sections -Wall -fstack-usage -MMD -MP -MF"Drivers/STM32F4xx_HAL_Driver/Src/stm32f4xx_hal_rcc.d" -MT"Drivers/STM32F4xx_HAL_Driver/Src/stm32f4xx_hal_rcc.o" --specs=nano.specs -mfpu=fpv4-sp-d16 -mfloat-abi=hard -mthumb -o "Drivers/STM32F4xx_HAL_Driver/Src/stm32f4xx_hal_rcc.o"
arm-none-eabi-gcc "../Drivers/STM32F4xx_HAL_Driver/Src/stm32f4xx_hal_rcc_ex.c" -mcpu=cortex-m4 -std=gnu11 -g3 -DDEBUG -DUSE_HAL_DRIVER -DSTM32F407xx -c -I../Core/Inc -I../Drivers/STM32F4xx_HAL_Driver/Inc -I../Drivers/STM32F4xx_HAL_Driver/Inc/Legacy -I../Drivers/CMSIS/Device/ST/STM32F4xx/Include -I../Drivers/CMSIS/Include -I"C:/STM32/RTOS/RTOS_workspace/common/ThirdParty/FreeRTOS/include" -I"C:/STM32/RTOS/RTOS_workspace/common/ThirdParty/FreeRTOS/portable/GCC/ARM_CM4F" -I"C:/STM32/RTOS/RTOS_workspace/common/ThirdParty/SEGGER/Config" -I"C:/STM32/RTOS/RTOS_workspace/common/ThirdParty/SEGGER/OS" -I"C:/STM32/RTOS/RTOS_workspace/common/ThirdParty/SEGGER/SEGGER" -I"D:/Workspace/RTOS_workspace/common/ThirdParty/FreeRTOS/include" -I"D:/Workspace/RTOS_workspace/common/ThirdParty/FreeRTOS/portable/GCC/ARM_CM4F" -I"D:/Workspace/RTOS_workspace/common/ThirdParty/SEGGER/Config" -I"D:/Workspace/RTOS_workspace/common/ThirdParty/SEGGER/OS" -I"D:/Workspace/RTOS_workspace/common/ThirdParty/SEGGER/SEGGER" -O0 -ffunction-sections -fdata-sections -Wall -fstack-usage -MMD -MP -MF"Drivers/STM32F4xx_HAL_Driver/Src/stm32f4xx_hal_rcc_ex.d" -MT"Drivers/STM32F4xx_HAL_Driver/Src/stm32f4xx_hal_rcc_ex.o" --specs=nano.specs -mfpu=fpv4-sp-d16 -mfloat-abi=hard -mthumb -o "Drivers/STM32F4xx_HAL_Driver/Src/stm32f4xx_hal_rcc_ex.o"
arm-none-eabi-gcc "../Drivers/STM32F4xx_HAL_Driver/Src/stm32f4xx_hal_rtc.c" -mcpu=cortex-m4 -std=gnu11 -g3 -DDEBUG -DUSE_HAL_DRIVER -DSTM32F407xx -c -I../Core/Inc -I../Drivers/STM32F4xx_HAL_Driver/Inc -I../Drivers/STM32F4xx_HAL_Driver/Inc/Legacy -I../Drivers/CMSIS/Device/ST/STM32F4xx/Include -I../Drivers/CMSIS/Include -I"C:/STM32/RTOS/RTOS_workspace/common/ThirdParty/FreeRTOS/include" -I"C:/STM32/RTOS/RTOS_workspace/common/ThirdParty/FreeRTOS/portable/GCC/ARM_CM4F" -I"C:/STM32/RTOS/RTOS_workspace/common/ThirdParty/SEGGER/Config" -I"C:/STM32/RTOS/RTOS_workspace/common/ThirdParty/SEGGER/OS" -I"C:/STM32/RTOS/RTOS_workspace/common/ThirdParty/SEGGER/SEGGER" -I"D:/Workspace/RTOS_workspace/common/ThirdParty/FreeRTOS/include" -I"D:/Workspace/RTOS_workspace/common/ThirdParty/FreeRTOS/portable/GCC/ARM_CM4F" -I"D:/Workspace/RTOS_workspace/common/ThirdParty/SEGGER/Config" -I"D:/Workspace/RTOS_workspace/common/ThirdParty/SEGGER/OS" -I"D:/Workspace/RTOS_workspace/common/ThirdParty/SEGGER/SEGGER" -O0 -ffunction-sections -fdata-sections -Wall -fstack-usage -MMD -MP -MF"Drivers/STM32F4xx_HAL_Driver/Src/stm32f4xx_hal_rtc.d" -MT"Drivers/STM32F4xx_HAL_Driver/Src/stm32f4xx_hal_rtc.o" --specs=nano.specs -mfpu=fpv4-sp-d16 -mfloat-abi=hard -mthumb -o "Drivers/STM32F4xx_HAL_Driver/Src/stm32f4xx_hal_rtc.o"
arm-none-eabi-gcc "../Drivers/STM32F4xx_HAL_Driver/Src/stm32f4xx_hal_rtc_ex.c" -mcpu=cortex-m4 -std=gnu11 -g3 -DDEBUG -DUSE_HAL_DRIVER -DSTM32F407xx -c -I../Core/Inc -I../Drivers/STM32F4xx_HAL_Driver/Inc -I../Drivers/STM32F4xx_HAL_Driver/Inc/Legacy -I../Drivers/CMSIS/Device/ST/STM32F4xx/Include -I../Drivers/CMSIS/Include -I"C:/STM32/RTOS/RTOS_workspace/common/ThirdParty/FreeRTOS/include" -I"C:/STM32/RTOS/RTOS_workspace/common/ThirdParty/FreeRTOS/portable/GCC/ARM_CM4F" -I"C:/STM32/RTOS/RTOS_workspace/common/ThirdParty/SEGGER/Config" -I"C:/STM32/RTOS/RTOS_workspace/common/ThirdParty/SEGGER/OS" -I"C:/STM32/RTOS/RTOS_workspace/common/ThirdParty/SEGGER/SEGGER" -I"D:/Workspace/RTOS_workspace/common/ThirdParty/FreeRTOS/include" -I"D:/Workspace/RTOS_workspace/common/ThirdParty/FreeRTOS/portable/GCC/ARM_CM4F" -I"D:/Workspace/RTOS_workspace/common/ThirdParty/SEGGER/Config" -I"D:/Workspace/RTOS_workspace/common/ThirdParty/SEGGER/OS" -I"D:/Workspace/RTOS_workspace/common/ThirdParty/SEGGER/SEGGER" -O0 -ffunction-sections -fdata-sections -Wall -fstack-usage -MMD -MP -MF"Drivers/STM32F4xx_HAL_Driver/Src/stm32f4xx_hal_rtc_ex.d" -MT"Drivers/STM32F4xx_HAL_Driver/Src/stm32f4xx_hal_rtc_ex.o" --specs=nano.specs -mfpu=fpv4-sp-d16 -mfloat-abi=hard -mthumb -o "Drivers/STM32F4xx_HAL_Driver/Src/stm32f4xx_hal_rtc_ex.o"
arm-none-eabi-gcc "../Drivers/STM32F4xx_HAL_Driver/Src/stm32f4xx_hal_tim.c" -mcpu=cortex-m4 -std=gnu11 -g3 -DDEBUG -DUSE_HAL_DRIVER -DSTM32F407xx -c -I../Core/Inc -I../Drivers/STM32F4xx_HAL_Driver/Inc -I../Drivers/STM32F4xx_HAL_Driver/Inc/Legacy -I../Drivers/CMSIS/Device/ST/STM32F4xx/Include -I../Drivers/CMSIS/Include -I"C:/STM32/RTOS/RTOS_workspace/common/ThirdParty/FreeRTOS/include" -I"C:/STM32/RTOS/RTOS_workspace/common/ThirdParty/FreeRTOS/portable/GCC/ARM_CM4F" -I"C:/STM32/RTOS/RTOS_workspace/common/ThirdParty/SEGGER/Config" -I"C:/STM32/RTOS/RTOS_workspace/common/ThirdParty/SEGGER/OS" -I"C:/STM32/RTOS/RTOS_workspace/common/ThirdParty/SEGGER/SEGGER" -I"D:/Workspace/RTOS_workspace/common/ThirdParty/FreeRTOS/include" -I"D:/Workspace/RTOS_workspace/common/ThirdParty/FreeRTOS/portable/GCC/ARM_CM4F" -I"D:/Workspace/RTOS_workspace/common/ThirdParty/SEGGER/Config" -I"D:/Workspace/RTOS_workspace/common/ThirdParty/SEGGER/OS" -I"D:/Workspace/RTOS_workspace/common/ThirdParty/SEGGER/SEGGER" -O0 -ffunction-sections -fdata-sections -Wall -fstack-usage -MMD -MP -MF"Drivers/STM32F4xx_HAL_Driver/Src/stm32f4xx_hal_tim.d" -MT"Drivers/STM32F4xx_HAL_Driver/Src/stm32f4xx_hal_tim.o" --specs=nano.specs -mfpu=fpv4-sp-d16 -mfloat-abi=hard -mthumb -o "Drivers/STM32F4xx_HAL_Driver/Src/stm32f4xx_hal_tim.o"
arm-none-eabi-gcc "../Drivers/STM32F4xx_HAL_Driver/Src/stm32f4xx_hal_tim_ex.c" -mcpu=cortex-m4 -std=gnu11 -g3 -DDEBUG -DUSE_HAL_DRIVER -DSTM32F407xx -c -I../Core/Inc -I../Drivers/STM32F4xx_HAL_Driver/Inc -I../Drivers/STM32F4xx_HAL_Driver/Inc/Legacy -I../Drivers/CMSIS/Device/ST/STM32F4xx/Include -I../Drivers/CMSIS/Include -I"C:/STM32/RTOS/RTOS_workspace/common/ThirdParty/FreeRTOS/include" -I"C:/STM32/RTOS/RTOS_workspace/common/ThirdParty/FreeRTOS/portable/GCC/ARM_CM4F" -I"C:/STM32/RTOS/RTOS_workspace/common/ThirdParty/SEGGER/Config" -I"C:/STM32/RTOS/RTOS_workspace/common/ThirdParty/SEGGER/OS" -I"C:/STM32/RTOS/RTOS_workspace/common/ThirdParty/SEGGER/SEGGER" -I"D:/Workspace/RTOS_workspace/common/ThirdParty/FreeRTOS/include" -I"D:/Workspace/RTOS_workspace/common/ThirdParty/FreeRTOS/portable/GCC/ARM_CM4F" -I"D:/Workspace/RTOS_workspace/common/ThirdParty/SEGGER/Config" -I"D:/Workspace/RTOS_workspace/common/ThirdParty/SEGGER/OS" -I"D:/Workspace/RTOS_workspace/common/ThirdParty/SEGGER/SEGGER" -O0 -ffunction-sections -fdata-sections -Wall -fstack-usage -MMD -MP -MF"Drivers/STM32F4xx_HAL_Driver/Src/stm32f4xx_hal_tim_ex.d" -MT"Drivers/STM32F4xx_HAL_Driver/Src/stm32f4xx_hal_tim_ex.o" --specs=nano.specs -mfpu=fpv4-sp-d16 -mfloat-abi=hard -mthumb -o "Drivers/STM32F4xx_HAL_Driver/Src/stm32f4xx_hal_tim_ex.o"
arm-none-eabi-gcc "../Drivers/STM32F4xx_HAL_Driver/Src/stm32f4xx_hal_uart.c" -mcpu=cortex-m4 -std=gnu11 -g3 -DDEBUG -DUSE_HAL_DRIVER -DSTM32F407xx -c -I../Core/Inc -I../Drivers/STM32F4xx_HAL_Driver/Inc -I../Drivers/STM32F4xx_HAL_Driver/Inc/Legacy -I../Drivers/CMSIS/Device/ST/STM32F4xx/Include -I../Drivers/CMSIS/Include -I"C:/STM32/RTOS/RTOS_workspace/common/ThirdParty/FreeRTOS/include" -I"C:/STM32/RTOS/RTOS_workspace/common/ThirdParty/FreeRTOS/portable/GCC/ARM_CM4F" -I"C:/STM32/RTOS/RTOS_workspace/common/ThirdParty/SEGGER/Config" -I"C:/STM32/RTOS/RTOS_workspace/common/ThirdParty/SEGGER/OS" -I"C:/STM32/RTOS/RTOS_workspace/common/ThirdParty/SEGGER/SEGGER" -I"D:/Workspace/RTOS_workspace/common/ThirdParty/FreeRTOS/include" -I"D:/Workspace/RTOS_workspace/common/ThirdParty/FreeRTOS/portable/GCC/ARM_CM4F" -I"D:/Workspace/RTOS_workspace/common/ThirdParty/SEGGER/Config" -I"D:/Workspace/RTOS_workspace/common/ThirdParty/SEGGER/OS" -I"D:/Workspace/RTOS_workspace/common/ThirdParty/SEGGER/SEGGER" -O0 -ffunction-sections -fdata-sections -Wall -fstack-usage -MMD -MP -MF"Drivers/STM32F4xx_HAL_Driver/Src/stm32f4xx_hal_uart.d" -MT"Drivers/STM32F4xx_HAL_Driver/Src/stm32f4xx_hal_uart.o" --specs=nano.specs -mfpu=fpv4-sp-d16 -mfloat-abi=hard -mthumb -o "Drivers/STM32F4xx_HAL_Driver/Src/stm32f4xx_hal_uart.o"
arm-none-eabi-gcc -mcpu=cortex-m4 -g3 -c -I"C:/STM32/RTOS/RTOS_workspace/common/ThirdParty/SEGGER/Config" -I"C:/STM32/RTOS/RTOS_workspace/common/ThirdParty/SEGGER/SEGGER" -I"D:/Workspace/RTOS_workspace/common/ThirdParty/SEGGER/Config" -I"D:/Workspace/RTOS_workspace/common/ThirdParty/SEGGER/SEGGER" -x assembler-with-cpp -MMD -MP -MF"Core/Startup/startup_stm32f407vgtx.d" -MT"Core/Startup/startup_stm32f407vgtx.o" --specs=nano.specs -mfpu=fpv4-sp-d16 -mfloat-abi=hard -mthumb -o "Core/Startup/startup_stm32f407vgtx.o" "../Core/Startup/startup_stm32f407vgtx.s"
arm-none-eabi-gcc "../Core/Src/led_effect.c" -mcpu=cortex-m4 -std=gnu11 -g3 -DDEBUG -DUSE_HAL_DRIVER -DSTM32F407xx -c -I../Core/Inc -I../Drivers/STM32F4xx_HAL_Driver/Inc -I../Drivers/STM32F4xx_HAL_Driver/Inc/Legacy -I../Drivers/CMSIS/Device/ST/STM32F4xx/Include -I../Drivers/CMSIS/Include -I"C:/STM32/RTOS/RTOS_workspace/common/ThirdParty/FreeRTOS/include" -I"C:/STM32/RTOS/RTOS_workspace/common/ThirdParty/FreeRTOS/portable/GCC/ARM_CM4F" -I"C:/STM32/RTOS/RTOS_workspace/common/ThirdParty/SEGGER/Config" -I"C:/STM32/RTOS/RTOS_workspace/common/ThirdParty/SEGGER/OS" -I"C:/STM32/RTOS/RTOS_workspace/common/ThirdParty/SEGGER/SEGGER" -I"D:/Workspace/RTOS_workspace/common/ThirdParty/FreeRTOS/include" -I"D:/Workspace/RTOS_workspace/common/ThirdParty/FreeRTOS/portable/GCC/ARM_CM4F" -I"D:/Workspace/RTOS_workspace/common/ThirdParty/SEGGER/Config" -I"D:/Workspace/RTOS_workspace/common/ThirdParty/SEGGER/OS" -I"D:/Workspace/RTOS_workspace/common/ThirdParty/SEGGER/SEGGER" -O0 -ffunction-sections -fdata-sections -Wall -fstack-usage -MMD -MP -MF"Core/Src/led_effect.d" -MT"Core/Src/led_effect.o" --specs=nano.specs -mfpu=fpv4-sp-d16 -mfloat-abi=hard -mthumb -o "Core/Src/led_effect.o"
arm-none-eabi-gcc "../Core/Src/main.c" -mcpu=cortex-m4 -std=gnu11 -g3 -DDEBUG -DUSE_HAL_DRIVER -DSTM32F407xx -c -I../Core/Inc -I../Drivers/STM32F4xx_HAL_Driver/Inc -I../Drivers/STM32F4xx_HAL_Driver/Inc/Legacy -I../Drivers/CMSIS/Device/ST/STM32F4xx/Include -I../Drivers/CMSIS/Include -I"C:/STM32/RTOS/RTOS_workspace/common/ThirdParty/FreeRTOS/include" -I"C:/STM32/RTOS/RTOS_workspace/common/ThirdParty/FreeRTOS/portable/GCC/ARM_CM4F" -I"C:/STM32/RTOS/RTOS_workspace/common/ThirdParty/SEGGER/Config" -I"C:/STM32/RTOS/RTOS_workspace/common/ThirdParty/SEGGER/OS" -I"C:/STM32/RTOS/RTOS_workspace/common/ThirdParty/SEGGER/SEGGER" -I"D:/Workspace/RTOS_workspace/common/ThirdParty/FreeRTOS/include" -I"D:/Workspace/RTOS_workspace/common/ThirdParty/FreeRTOS/portable/GCC/ARM_CM4F" -I"D:/Workspace/RTOS_workspace/common/ThirdParty/SEGGER/Config" -I"D:/Workspace/RTOS_workspace/common/ThirdParty/SEGGER/OS" -I"D:/Workspace/RTOS_workspace/common/ThirdParty/SEGGER/SEGGER" -O0 -ffunction-sections -fdata-sections -Wall -fstack-usage -MMD -MP -MF"Core/Src/main.d" -MT"Core/Src/main.o" --specs=nano.specs -mfpu=fpv4-sp-d16 -mfloat-abi=hard -mthumb -o "Core/Src/main.o"
arm-none-eabi-gcc "../Core/Src/rtc.c" -mcpu=cortex-m4 -std=gnu11 -g3 -DDEBUG -DUSE_HAL_DRIVER -DSTM32F407xx -c -I../Core/Inc -I../Drivers/STM32F4xx_HAL_Driver/Inc -I../Drivers/STM32F4xx_HAL_Driver/Inc/Legacy -I../Drivers/CMSIS/Device/ST/STM32F4xx/Include -I../Drivers/CMSIS/Include -I"C:/STM32/RTOS/RTOS_workspace/common/ThirdParty/FreeRTOS/include" -I"C:/STM32/RTOS/RTOS_workspace/common/ThirdParty/FreeRTOS/portable/GCC/ARM_CM4F" -I"C:/STM32/RTOS/RTOS_workspace/common/ThirdParty/SEGGER/Config" -I"C:/STM32/RTOS/RTOS_workspace/common/ThirdParty/SEGGER/OS" -I"C:/STM32/RTOS/RTOS_workspace/common/ThirdParty/SEGGER/SEGGER" -I"D:/Workspace/RTOS_workspace/common/ThirdParty/FreeRTOS/include" -I"D:/Workspace/RTOS_workspace/common/ThirdParty/FreeRTOS/portable/GCC/ARM_CM4F" -I"D:/Workspace/RTOS_workspace/common/ThirdParty/SEGGER/Config" -I"D:/Workspace/RTOS_workspace/common/ThirdParty/SEGGER/OS" -I"D:/Workspace/RTOS_workspace/common/ThirdParty/SEGGER/SEGGER" -O0 -ffunction-sections -fdata-sections -Wall -fstack-usage -MMD -MP -MF"Core/Src/rtc.d" -MT"Core/Src/rtc.o" --specs=nano.specs -mfpu=fpv4-sp-d16 -mfloat-abi=hard -mthumb -o "Core/Src/rtc.o"
arm-none-eabi-gcc "../Core/Src/stm32f4xx_hal_msp.c" -mcpu=cortex-m4 -std=gnu11 -g3 -DDEBUG -DUSE_HAL_DRIVER -DSTM32F407xx -c -I../Core/Inc -I../Drivers/STM32F4xx_HAL_Driver/Inc -I../Drivers/STM32F4xx_HAL_Driver/Inc/Legacy -I../Drivers/CMSIS/Device/ST/STM32F4xx/Include -I../Drivers/CMSIS/Include -I"C:/STM32/RTOS/RTOS_workspace/common/ThirdParty/FreeRTOS/include" -I"C:/STM32/RTOS/RTOS_workspace/common/ThirdParty/FreeRTOS/portable/GCC/ARM_CM4F" -I"C:/STM32/RTOS/RTOS_workspace/common/ThirdParty/SEGGER/Config" -I"C:/STM32/RTOS/RTOS_workspace/common/ThirdParty/SEGGER/OS" -I"C:/STM32/RTOS/RTOS_workspace/common/ThirdParty/SEGGER/SEGGER" -I"D:/Workspace/RTOS_workspace/common/ThirdParty/FreeRTOS/include" -I"D:/Workspace/RTOS_workspace/common/ThirdParty/FreeRTOS/portable/GCC/ARM_CM4F" -I"D:/Workspace/RTOS_workspace/common/ThirdParty/SEGGER/Config" -I"D:/Workspace/RTOS_workspace/common/ThirdParty/SEGGER/OS" -I"D:/Workspace/RTOS_workspace/common/ThirdParty/SEGGER/SEGGER" -O0 -ffunction-sections -fdata-sections -Wall -fstack-usage -MMD -MP -MF"Core/Src/stm32f4xx_hal_msp.d" -MT"Core/Src/stm32f4xx_hal_msp.o" --specs=nano.specs -mfpu=fpv4-sp-d16 -mfloat-abi=hard -mthumb -o "Core/Src/stm32f4xx_hal_msp.o"
arm-none-eabi-gcc "../Core/Src/stm32f4xx_hal_timebase_tim.c" -mcpu=cortex-m4 -std=gnu11 -g3 -DDEBUG -DUSE_HAL_DRIVER -DSTM32F407xx -c -I../Core/Inc -I../Drivers/STM32F4xx_HAL_Driver/Inc -I../Drivers/STM32F4xx_HAL_Driver/Inc/Legacy -I../Drivers/CMSIS/Device/ST/STM32F4xx/Include -I../Drivers/CMSIS/Include -I"C:/STM32/RTOS/RTOS_workspace/common/ThirdParty/FreeRTOS/include" -I"C:/STM32/RTOS/RTOS_workspace/common/ThirdParty/FreeRTOS/portable/GCC/ARM_CM4F" -I"C:/STM32/RTOS/RTOS_workspace/common/ThirdParty/SEGGER/Config" -I"C:/STM32/RTOS/RTOS_workspace/common/ThirdParty/SEGGER/OS" -I"C:/STM32/RTOS/RTOS_workspace/common/ThirdParty/SEGGER/SEGGER" -I"D:/Workspace/RTOS_workspace/common/ThirdParty/FreeRTOS/include" -I"D:/Workspace/RTOS_workspace/common/ThirdParty/FreeRTOS/portable/GCC/ARM_CM4F" -I"D:/Workspace/RTOS_workspace/common/ThirdParty/SEGGER/Config" -I"D:/Workspace/RTOS_workspace/common/ThirdParty/SEGGER/OS" -I"D:/Workspace/RTOS_workspace/common/ThirdParty/SEGGER/SEGGER" -O0 -ffunction-sections -fdata-sections -Wall -fstack-usage -MMD -MP -MF"Core/Src/stm32f4xx_hal_timebase_tim.d" -MT"Core/Src/stm32f4xx_hal_timebase_tim.o" --specs=nano.specs -mfpu=fpv4-sp-d16 -mfloat-abi=hard -mthumb -o "Core/Src/stm32f4xx_hal_timebase_tim.o"
../Core/Src/main.c:657:3: warning: "/*" within comment [-Wcomment]
  657 |   /*TODO : Print the menu and show current date and time information */
      |    
arm-none-eabi-gcc "../Core/Src/stm32f4xx_it.c" -mcpu=cortex-m4 -std=gnu11 -g3 -DDEBUG -DUSE_HAL_DRIVER -DSTM32F407xx -c -I../Core/Inc -I../Drivers/STM32F4xx_HAL_Driver/Inc -I../Drivers/STM32F4xx_HAL_Driver/Inc/Legacy -I../Drivers/CMSIS/Device/ST/STM32F4xx/Include -I../Drivers/CMSIS/Include -I"C:/STM32/RTOS/RTOS_workspace/common/ThirdParty/FreeRTOS/include" -I"C:/STM32/RTOS/RTOS_workspace/common/ThirdParty/FreeRTOS/portable/GCC/ARM_CM4F" -I"C:/STM32/RTOS/RTOS_workspace/common/ThirdParty/SEGGER/Config" -I"C:/STM32/RTOS/RTOS_workspace/common/ThirdParty/SEGGER/OS" -I"C:/STM32/RTOS/RTOS_workspace/common/ThirdParty/SEGGER/SEGGER" -I"D:/Workspace/RTOS_workspace/common/ThirdParty/FreeRTOS/include" -I"D:/Workspace/RTOS_workspace/common/ThirdParty/FreeRTOS/portable/GCC/ARM_CM4F" -I"D:/Workspace/RTOS_workspace/common/ThirdParty/SEGGER/Config" -I"D:/Workspace/RTOS_workspace/common/ThirdParty/SEGGER/OS" -I"D:/Workspace/RTOS_workspace/common/ThirdParty/SEGGER/SEGGER" -O0 -ffunction-sections -fdata-sections -Wall -fstack-usage -MMD -MP -MF"Core/Src/stm32f4xx_it.d" -MT"Core/Src/stm32f4xx_it.o" --specs=nano.specs -mfpu=fpv4-sp-d16 -mfloat-abi=hard -mthumb -o "Core/Src/stm32f4xx_it.o"
arm-none-eabi-gcc "../Core/Src/syscalls.c" -mcpu=cortex-m4 -std=gnu11 -g3 -DDEBUG -DUSE_HAL_DRIVER -DSTM32F407xx -c -I../Core/Inc -I../Drivers/STM32F4xx_HAL_Driver/Inc -I../Drivers/STM32F4xx_HAL_Driver/Inc/Legacy -I../Drivers/CMSIS/Device/ST/STM32F4xx/Include -I../Drivers/CMSIS/Include -I"C:/STM32/RTOS/RTOS_workspace/common/ThirdParty/FreeRTOS/include" -I"C:/STM32/RTOS/RTOS_workspace/common/ThirdParty/FreeRTOS/portable/GCC/ARM_CM4F" -I"C:/STM32/RTOS/RTOS_workspace/common/ThirdParty/SEGGER/Config" -I"C:/STM32/RTOS/RTOS_workspace/common/ThirdParty/SEGGER/OS" -I"C:/STM32/RTOS/RTOS_workspace/common/ThirdParty/SEGGER/SEGGER" -I"D:/Workspace/RTOS_workspace/common/ThirdParty/FreeRTOS/include" -I"D:/Workspace/RTOS_workspace/common/ThirdParty/FreeRTOS/portable/GCC/ARM_CM4F" -I"D:/Workspace/RTOS_workspace/common/ThirdParty/SEGGER/Config" -I"D:/Workspace/RTOS_workspace/common/ThirdParty/SEGGER/OS" -I"D:/Workspace/RTOS_workspace/common/ThirdParty/SEGGER/SEGGER" -O0 -ffunction-sections -fdata-sections -Wall -fstack-usage -MMD -MP -MF"Core/Src/syscalls.d" -MT"Core/Src/syscalls.o" --specs=nano.specs -mfpu=fpv4-sp-d16 -mfloat-abi=hard -mthumb -o "Core/Src/syscalls.o"
arm-none-eabi-gcc "../Core/Src/sysmem.c" -mcpu=cortex-m4 -std=gnu11 -g3 -DDEBUG -DUSE_HAL_DRIVER -DSTM32F407xx -c -I../Core/Inc -I../Drivers/STM32F4xx_HAL_Driver/Inc -I../Drivers/STM32F4xx_HAL_Driver/Inc/Legacy -I../Drivers/CMSIS/Device/ST/STM32F4xx/Include -I../Drivers/CMSIS/Include -I"C:/STM32/RTOS/RTOS_workspace/common/ThirdParty/FreeRTOS/include" -I"C:/STM32/RTOS/RTOS_workspace/common/ThirdParty/FreeRTOS/portable/GCC/ARM_CM4F" -I"C:/STM32/RTOS/RTOS_workspace/common/ThirdParty/SEGGER/Config" -I"C:/STM32/RTOS/RTOS_workspace/common/ThirdParty/SEGGER/OS" -I"C:/STM32/RTOS/RTOS_workspace/common/ThirdParty/SEGGER/SEGGER" -I"D:/Workspace/RTOS_workspace/common/ThirdParty/FreeRTOS/include" -I"D:/Workspace/RTOS_workspace/common/ThirdParty/FreeRTOS/portable/GCC/ARM_CM4F" -I"D:/Workspace/RTOS_workspace/common/ThirdParty/SEGGER/Config" -I"D:/Workspace/RTOS_workspace/common/ThirdParty/SEGGER/OS" -I"D:/Workspace/RTOS_workspace/common/ThirdParty/SEGGER/SEGGER" -O0 -ffunction-sections -fdata-sections -Wall -fstack-usage -MMD -MP -MF"Core/Src/sysmem.d" -MT"Core/Src/sysmem.o" --specs=nano.specs -mfpu=fpv4-sp-d16 -mfloat-abi=hard -mthumb -o "Core/Src/sysmem.o"
arm-none-eabi-gcc "../Core/Src/system_stm32f4xx.c" -mcpu=cortex-m4 -std=gnu11 -g3 -DDEBUG -DUSE_HAL_DRIVER -DSTM32F407xx -c -I../Core/Inc -I../Drivers/STM32F4xx_HAL_Driver/Inc -I../Drivers/STM32F4xx_HAL_Driver/Inc/Legacy -I../Drivers/CMSIS/Device/ST/STM32F4xx/Include -I../Drivers/CMSIS/Include -I"C:/STM32/RTOS/RTOS_workspace/common/ThirdParty/FreeRTOS/include" -I"C:/STM32/RTOS/RTOS_workspace/common/ThirdParty/FreeRTOS/portable/GCC/ARM_CM4F" -I"C:/STM32/RTOS/RTOS_workspace/common/ThirdParty/SEGGER/Config" -I"C:/STM32/RTOS/RTOS_workspace/common/ThirdParty/SEGGER/OS" -I"C:/STM32/RTOS/RTOS_workspace/common/ThirdParty/SEGGER/SEGGER" -I"D:/Workspace/RTOS_workspace/common/ThirdParty/FreeRTOS/include" -I"D:/Workspace/RTOS_workspace/common/ThirdParty/FreeRTOS/portable/GCC/ARM_CM4F" -I"D:/Workspace/RTOS_workspace/common/ThirdParty/SEGGER/Config" -I"D:/Workspace/RTOS_workspace/common/ThirdParty/SEGGER/OS" -I"D:/Workspace/RTOS_workspace/common/ThirdParty/SEGGER/SEGGER" -O0 -ffunction-sections -fdata-sections -Wall -fstack-usage -MMD -MP -MF"Core/Src/system_stm32f4xx.d" -MT"Core/Src/system_stm32f4xx.o" --specs=nano.specs -mfpu=fpv4-sp-d16 -mfloat-abi=hard -mthumb -o "Core/Src/system_stm32f4xx.o"
arm-none-eabi-gcc "../Core/Src/task_handler.c" -mcpu=cortex-m4 -std=gnu11 -g3 -DDEBUG -DUSE_HAL_DRIVER -DSTM32F407xx -c -I../Core/Inc -I../Drivers/STM32F4xx_HAL_Driver/Inc -I../Drivers/STM32F4xx_HAL_Driver/Inc/Legacy -I../Drivers/CMSIS/Device/ST/STM32F4xx/Include -I../Drivers/CMSIS/Include -I"C:/STM32/RTOS/RTOS_workspace/common/ThirdParty/FreeRTOS/include" -I"C:/STM32/RTOS/RTOS_workspace/common/ThirdParty/FreeRTOS/portable/GCC/ARM_CM4F" -I"C:/STM32/RTOS/RTOS_workspace/common/ThirdParty/SEGGER/Config" -I"C:/STM32/RTOS/RTOS_workspace/common/ThirdParty/SEGGER/OS" -I"C:/STM32/RTOS/RTOS_workspace/common/ThirdParty/SEGGER/SEGGER" -I"D:/Workspace/RTOS_workspace/common/ThirdParty/FreeRTOS/include" -I"D:/Workspace/RTOS_workspace/common/ThirdParty/FreeRTOS/portable/GCC/ARM_CM4F" -I"D:/Workspace/RTOS_workspace/common/ThirdParty/SEGGER/Config" -I"D:/Workspace/RTOS_workspace/common/ThirdParty/SEGGER/OS" -I"D:/Workspace/RTOS_workspace/common/ThirdParty/SEGGER/SEGGER" -O0 -ffunction-sections -fdata-sections -Wall -fstack-usage -MMD -MP -MF"Core/Src/task_handler.d" -MT"Core/Src/task_handler.o" --specs=nano.specs -mfpu=fpv4-sp-d16 -mfloat-abi=hard -mthumb -o "Core/Src/task_handler.o"
../Core/Src/task_handler.c: In function 'rtc_task':
../Core/Src/task_handler.c:199:4: warning: enumeration value 'sMainMenu' not handled in switch [-Wswitch]
  199 |    switch(curr_state)
      |    ^~~~~~
../Core/Src/task_handler.c:199:4: warning: enumeration value 'sLedEffect' not handled in switch [-Wswitch]
arm-none-eabi-gcc -o "008Queues_n_timers.elf" @"objects.list"   -mcpu=cortex-m4 -T"C:\STM32\RTOS\RTOS_workspace\008Queues_n_timers\STM32F407VGTX_FLASH.ld" --specs=nosys.specs -Wl,-Map="008Queues_n_timers.map" -Wl,--gc-sections -static --specs=nano.specs -mfpu=fpv4-sp-d16 -mfloat-abi=hard -mthumb -Wl,--start-group -lc -lm -Wl,--end-group
Finished building target: 008Queues_n_timers.elf
 
arm-none-eabi-size   008Queues_n_timers.elf 
arm-none-eabi-objdump -h -S  008Queues_n_timers.elf  > "008Queues_n_timers.list"
arm-none-eabi-objcopy  -O binary  008Queues_n_timers.elf  "008Queues_n_timers.bin"
   text	   data	    bss	    dec	    hex	filename
  37148	    148	 105948	 143244	  22f8c	008Queues_n_timers.elf
Finished building: default.size.stdout
 
Finished building: 008Queues_n_timers.bin
 
Finished building: 008Queues_n_timers.list
 
16:14:21 **** Incremental Build of configuration Debug for project 001Tasks ****
make -j12 all 
arm-none-eabi-size   001Tasks.elf 
   text	   data	    bss	    dec	    hex	filename
  33300	    136	 110320	 143756	  2318c	001Tasks.elf
Finished building: default.size.stdout
 
16:14:32 **** Incremental Build of configuration Debug for project 008Queues_n_timers ****
make -j12 all 
arm-none-eabi-size   008Queues_n_timers.elf 
   text	   data	    bss	    dec	    hex	filename
  37148	    148	 105948	 143244	  22f8c	008Queues_n_timers.elf
Finished building: default.size.stdout
 
16:23:44 **** Incremental Build of configuration Debug for project 008Queues_n_timers ****
make -j12 all 
arm-none-eabi-size   008Queues_n_timers.elf 
   text	   data	    bss	    dec	    hex	filename
  37148	    148	 105948	 143244	  22f8c	008Queues_n_timers.elf
Finished building: default.size.stdout
 
16:46:01 **** Incremental Build of configuration Debug for project 008Queues_n_timers ****
make -j12 all 
arm-none-eabi-gcc "../Core/Src/main.c" -mcpu=cortex-m4 -std=gnu11 -g3 -DDEBUG -DUSE_HAL_DRIVER -DSTM32F407xx -c -I../Core/Inc -I../Drivers/STM32F4xx_HAL_Driver/Inc -I../Drivers/STM32F4xx_HAL_Driver/Inc/Legacy -I../Drivers/CMSIS/Device/ST/STM32F4xx/Include -I../Drivers/CMSIS/Include -I"C:/STM32/RTOS/RTOS_workspace/common/ThirdParty/FreeRTOS/include" -I"C:/STM32/RTOS/RTOS_workspace/common/ThirdParty/FreeRTOS/portable/GCC/ARM_CM4F" -I"C:/STM32/RTOS/RTOS_workspace/common/ThirdParty/SEGGER/Config" -I"C:/STM32/RTOS/RTOS_workspace/common/ThirdParty/SEGGER/OS" -I"C:/STM32/RTOS/RTOS_workspace/common/ThirdParty/SEGGER/SEGGER" -I"D:/Workspace/RTOS_workspace/common/ThirdParty/FreeRTOS/include" -I"D:/Workspace/RTOS_workspace/common/ThirdParty/FreeRTOS/portable/GCC/ARM_CM4F" -I"D:/Workspace/RTOS_workspace/common/ThirdParty/SEGGER/Config" -I"D:/Workspace/RTOS_workspace/common/ThirdParty/SEGGER/OS" -I"D:/Workspace/RTOS_workspace/common/ThirdParty/SEGGER/SEGGER" -O0 -ffunction-sections -fdata-sections -Wall -fstack-usage -MMD -MP -MF"Core/Src/main.d" -MT"Core/Src/main.o" --specs=nano.specs -mfpu=fpv4-sp-d16 -mfloat-abi=hard -mthumb -o "Core/Src/main.o"
../Core/Src/main.c:657:3: warning: "/*" within comment [-Wcomment]
  657 |   /*TODO : Print the menu and show current date and time information */
      |    
arm-none-eabi-gcc -o "008Queues_n_timers.elf" @"objects.list"   -mcpu=cortex-m4 -T"C:\STM32\RTOS\RTOS_workspace\008Queues_n_timers\STM32F407VGTX_FLASH.ld" --specs=nosys.specs -Wl,-Map="008Queues_n_timers.map" -Wl,--gc-sections -static --specs=nano.specs -mfpu=fpv4-sp-d16 -mfloat-abi=hard -mthumb -Wl,--start-group -lc -lm -Wl,--end-group
Finished building target: 008Queues_n_timers.elf
 
arm-none-eabi-objdump -h -S  008Queues_n_timers.elf  > "008Queues_n_timers.list"
arm-none-eabi-objcopy  -O binary  008Queues_n_timers.elf  "008Queues_n_timers.bin"
arm-none-eabi-size   008Queues_n_timers.elf 
   text	   data	    bss	    dec	    hex	filename
  37148	    148	 105948	 143244	  22f8c	008Queues_n_timers.elf
Finished building: default.size.stdout
 
Finished building: 008Queues_n_timers.bin
 
Finished building: 008Queues_n_timers.list
 
